1660601391943	geckodriver	INFO	Listening on 127.0.0.1:50675
1660601392965	mozrunner::runner	INFO	Running command: "/Applications/Firefox.app/Contents/MacOS/firefox-bin" "--marionette" "Mozilla/5.0 (Macintosh; Intel Mac OS X 10_15_7) AppleWebKit/605.1.15 (KHTML, like Gecko) Version/15.5 Safari/605.1.15" "--disable-notifications" "--incognito" "--disable-extensions" "-\xe2\x80\x93disable-web-security" "--no-sandbox" "--headless" "-foreground" "-no-remote" "-profile" "/var/folders/j8/1b1gqwm12xjdsz7zx20kh3080000gn/T/rust_mozprofileUQlr0r"
*** You are running in headless mode.
1660601394154	Marionette	INFO	Marionette enabled
1660601394221	Marionette	INFO	Listening on port 50686
2022-08-15 15:09:54.318 plugin-container[18640:704965] nil host used in call to allowsSpecificHTTPSCertificateForHost
2022-08-15 15:09:54.319 plugin-container[18640:704965] nil host used in call to allowsAnyHTTPSCertificateForHost:
1660601394582	RemoteAgent	WARN	TLS certificate errors will be ignored for this session
2022-08-15 15:09:54.714 plugin-container[18640:704965] nil host used in call to allowsSpecificHTTPSCertificateForHost
2022-08-15 15:09:54.714 plugin-container[18640:704965] nil host used in call to allowsAnyHTTPSCertificateForHost:
2022-08-15 15:09:54.715 plugin-container[18640:704972] nil host used in call to allowsSpecificHTTPSCertificateForHost
2022-08-15 15:09:54.715 plugin-container[18640:704972] nil host used in call to allowsAnyHTTPSCertificateForHost:
[GFX1-]: RenderCompositorSWGL failed mapping default framebuffer, no dt
console.warn: SearchSettings: "get: No settings file exists, new profile?" (new NotFoundError("Could not open the file at /var/folders/j8/1b1gqwm12xjdsz7zx20kh3080000gn/T/rust_mozprofileUQlr0r/search.json.mozlz4", (void 0)))
1660601396306	Marionette	INFO	Stopped listening on port 50686
1660601396742	geckodriver	INFO	Listening on 127.0.0.1:50728
1660601397762	mozrunner::runner	INFO	Running command: "/Applications/Firefox.app/Contents/MacOS/firefox-bin" "--marionette" "Mozilla/5.0 (Macintosh; Intel Mac OS X 10_15_7) AppleWebKit/605.1.15 (KHTML, like Gecko) Version/15.5 Safari/605.1.15" "--disable-notifications" "--incognito" "--disable-extensions" "-\xe2\x80\x93disable-web-security" "--no-sandbox" "--headless" "-foreground" "-no-remote" "-profile" "/var/folders/j8/1b1gqwm12xjdsz7zx20kh3080000gn/T/rust_mozprofile0Mdr4q"
*** You are running in headless mode.
2022-08-15 15:09:58.102 plugin-container[18651:705306] nil host used in call to allowsSpecificHTTPSCertificateForHost
2022-08-15 15:09:58.103 plugin-container[18651:705306] nil host used in call to allowsAnyHTTPSCertificateForHost:
2022-08-15 15:09:58.105 plugin-container[18651:705306] nil host used in call to allowsSpecificHTTPSCertificateForHost
2022-08-15 15:09:58.105 plugin-container[18651:705306] nil host used in call to allowsAnyHTTPSCertificateForHost:
2022-08-15 15:09:58.105 plugin-container[18651:705310] nil host used in call to allowsSpecificHTTPSCertificateForHost
2022-08-15 15:09:58.105 plugin-container[18651:705310] nil host used in call to allowsAnyHTTPSCertificateForHost:
1660601398121	Marionette	INFO	Marionette enabled
1660601398137	Marionette	INFO	Listening on port 50739
1660601398444	RemoteAgent	WARN	TLS certificate errors will be ignored for this session
[GFX1-]: RenderCompositorSWGL failed mapping default framebuffer, no dt
console.warn: SearchSettings: "get: No settings file exists, new profile?" (new NotFoundError("Could not open the file at /var/folders/j8/1b1gqwm12xjdsz7zx20kh3080000gn/T/rust_mozprofile0Mdr4q/search.json.mozlz4", (void 0)))
1660601399702	Marionette	INFO	Stopped listening on port 50739
1660601400095	geckodriver	INFO	Listening on 127.0.0.1:50772
1660601401113	mozrunner::runner	INFO	Running command: "/Applications/Firefox.app/Contents/MacOS/firefox-bin" "--marionette" "Mozilla/5.0 (Macintosh; Intel Mac OS X 10_15_7) AppleWebKit/605.1.15 (KHTML, like Gecko) Version/15.5 Safari/605.1.15" "--disable-notifications" "--incognito" "--disable-extensions" "-\xe2\x80\x93disable-web-security" "--no-sandbox" "--headless" "-foreground" "-no-remote" "-profile" "/var/folders/j8/1b1gqwm12xjdsz7zx20kh3080000gn/T/rust_mozprofileemITGY"
*** You are running in headless mode.
2022-08-15 15:10:01.445 plugin-container[18662:705636] nil host used in call to allowsSpecificHTTPSCertificateForHost
2022-08-15 15:10:01.445 plugin-container[18662:705636] nil host used in call to allowsAnyHTTPSCertificateForHost:
2022-08-15 15:10:01.449 plugin-container[18662:705636] nil host used in call to allowsSpecificHTTPSCertificateForHost
2022-08-15 15:10:01.449 plugin-container[18662:705636] nil host used in call to allowsAnyHTTPSCertificateForHost:
2022-08-15 15:10:01.449 plugin-container[18662:705634] nil host used in call to allowsSpecificHTTPSCertificateForHost
2022-08-15 15:10:01.449 plugin-container[18662:705634] nil host used in call to allowsAnyHTTPSCertificateForHost:
1660601401467	Marionette	INFO	Marionette enabled
1660601401484	Marionette	INFO	Listening on port 50783
1660601401795	RemoteAgent	WARN	TLS certificate errors will be ignored for this session
[GFX1-]: RenderCompositorSWGL failed mapping default framebuffer, no dt
console.warn: SearchSettings: "get: No settings file exists, new profile?" (new NotFoundError("Could not open the file at /var/folders/j8/1b1gqwm12xjdsz7zx20kh3080000gn/T/rust_mozprofileemITGY/search.json.mozlz4", (void 0)))
1660601403090	Marionette	INFO	Stopped listening on port 50783
1660601403509	geckodriver	INFO	Listening on 127.0.0.1:50816
1660601404542	geckodriver	INFO	Listening on 127.0.0.1:50819
1660601405558	mozrunner::runner	INFO	Running command: "/Applications/Firefox.app/Contents/MacOS/firefox-bin" "--marionette" "Mozilla/5.0 (Macintosh; Intel Mac OS X 10_15_7) AppleWebKit/605.1.15 (KHTML, like Gecko) Version/15.5 Safari/605.1.15" "--disable-notifications" "--incognito" "--disable-extensions" "-\xe2\x80\x93disable-web-security" "--no-sandbox" "--headless" "-foreground" "-no-remote" "-profile" "/var/folders/j8/1b1gqwm12xjdsz7zx20kh3080000gn/T/rust_mozprofileShG2Of"
*** You are running in headless mode.
2022-08-15 15:10:05.886 plugin-container[18674:705964] nil host used in call to allowsSpecificHTTPSCertificateForHost
2022-08-15 15:10:05.886 plugin-container[18674:705964] nil host used in call to allowsAnyHTTPSCertificateForHost:
2022-08-15 15:10:05.888 plugin-container[18674:705964] nil host used in call to allowsSpecificHTTPSCertificateForHost
2022-08-15 15:10:05.888 plugin-container[18674:705964] nil host used in call to allowsAnyHTTPSCertificateForHost:
2022-08-15 15:10:05.889 plugin-container[18674:705968] nil host used in call to allowsSpecificHTTPSCertificateForHost
2022-08-15 15:10:05.889 plugin-container[18674:705968] nil host used in call to allowsAnyHTTPSCertificateForHost:
1660601405908	Marionette	INFO	Marionette enabled
1660601405924	Marionette	INFO	Listening on port 50830
1660601406243	RemoteAgent	WARN	TLS certificate errors will be ignored for this session
[GFX1-]: RenderCompositorSWGL failed mapping default framebuffer, no dt
console.warn: SearchSettings: "get: No settings file exists, new profile?" (new NotFoundError("Could not open the file at /var/folders/j8/1b1gqwm12xjdsz7zx20kh3080000gn/T/rust_mozprofileShG2Of/search.json.mozlz4", (void 0)))
1660601407714	Marionette	INFO	Stopped listening on port 50830
1660601408106	geckodriver	INFO	Listening on 127.0.0.1:50865
1660601409144	geckodriver	INFO	Listening on 127.0.0.1:50868
1660601410159	mozrunner::runner	INFO	Running command: "/Applications/Firefox.app/Contents/MacOS/firefox-bin" "--marionette" "Mozilla/5.0 (Macintosh; Intel Mac OS X 10_15_7) AppleWebKit/605.1.15 (KHTML, like Gecko) Version/15.5 Safari/605.1.15" "--disable-notifications" "--incognito" "--disable-extensions" "-\xe2\x80\x93disable-web-security" "--no-sandbox" "--headless" "-foreground" "-no-remote" "-profile" "/var/folders/j8/1b1gqwm12xjdsz7zx20kh3080000gn/T/rust_mozprofileKKakms"
*** You are running in headless mode.
2022-08-15 15:10:10.494 plugin-container[18684:706292] nil host used in call to allowsSpecificHTTPSCertificateForHost
2022-08-15 15:10:10.494 plugin-container[18684:706292] nil host used in call to allowsAnyHTTPSCertificateForHost:
2022-08-15 15:10:10.497 plugin-container[18684:706292] nil host used in call to allowsSpecificHTTPSCertificateForHost
2022-08-15 15:10:10.497 plugin-container[18684:706292] nil host used in call to allowsAnyHTTPSCertificateForHost:
2022-08-15 15:10:10.497 plugin-container[18684:706294] nil host used in call to allowsSpecificHTTPSCertificateForHost
2022-08-15 15:10:10.497 plugin-container[18684:706294] nil host used in call to allowsAnyHTTPSCertificateForHost:
1660601410516	Marionette	INFO	Marionette enabled
1660601410531	Marionette	INFO	Listening on port 50879
1660601410841	RemoteAgent	WARN	TLS certificate errors will be ignored for this session
[GFX1-]: RenderCompositorSWGL failed mapping default framebuffer, no dt
console.warn: SearchSettings: "get: No settings file exists, new profile?" (new NotFoundError("Could not open the file at /var/folders/j8/1b1gqwm12xjdsz7zx20kh3080000gn/T/rust_mozprofileKKakms/search.json.mozlz4", (void 0)))
1660601412157	Marionette	INFO	Stopped listening on port 50879
1660601412559	geckodriver	INFO	Listening on 127.0.0.1:50912
1660601413579	mozrunner::runner	INFO	Running command: "/Applications/Firefox.app/Contents/MacOS/firefox-bin" "--marionette" "Mozilla/5.0 (Macintosh; Intel Mac OS X 10_15_7) AppleWebKit/605.1.15 (KHTML, like Gecko) Version/15.5 Safari/605.1.15" "--disable-notifications" "--incognito" "--disable-extensions" "-\xe2\x80\x93disable-web-security" "--no-sandbox" "--headless" "-foreground" "-no-remote" "-profile" "/var/folders/j8/1b1gqwm12xjdsz7zx20kh3080000gn/T/rust_mozprofileO6oYCc"
*** You are running in headless mode.
2022-08-15 15:10:13.914 plugin-container[18695:706624] nil host used in call to allowsSpecificHTTPSCertificateForHost
2022-08-15 15:10:13.915 plugin-container[18695:706624] nil host used in call to allowsAnyHTTPSCertificateForHost:
2022-08-15 15:10:13.917 plugin-container[18695:706624] nil host used in call to allowsSpecificHTTPSCertificateForHost
2022-08-15 15:10:13.917 plugin-container[18695:706624] nil host used in call to allowsAnyHTTPSCertificateForHost:
2022-08-15 15:10:13.917 plugin-container[18695:706626] nil host used in call to allowsSpecificHTTPSCertificateForHost
2022-08-15 15:10:13.917 plugin-container[18695:706626] nil host used in call to allowsAnyHTTPSCertificateForHost:
1660601413936	Marionette	INFO	Marionette enabled
1660601413951	Marionette	INFO	Listening on port 50923
1660601414265	RemoteAgent	WARN	TLS certificate errors will be ignored for this session
[GFX1-]: RenderCompositorSWGL failed mapping default framebuffer, no dt
console.warn: SearchSettings: "get: No settings file exists, new profile?" (new NotFoundError("Could not open the file at /var/folders/j8/1b1gqwm12xjdsz7zx20kh3080000gn/T/rust_mozprofileO6oYCc/search.json.mozlz4", (void 0)))
1660601415495	Marionette	INFO	Stopped listening on port 50923
1660601499774	geckodriver	INFO	Listening on 127.0.0.1:50987
1660601500795	mozrunner::runner	INFO	Running command: "/Applications/Firefox.app/Contents/MacOS/firefox-bin" "--marionette" "Mozilla/5.0 (Macintosh; Intel Mac OS X 10_15_7) AppleWebKit/605.1.15 (KHTML, like Gecko) Version/15.5 Safari/605.1.15" "--disable-notifications" "--incognito" "--disable-extensions" "-\xe2\x80\x93disable-web-security" "--no-sandbox" "-foreground" "-no-remote" "-profile" "/var/folders/j8/1b1gqwm12xjdsz7zx20kh3080000gn/T/rust_mozprofile8N6jl5"
2022-08-15 15:11:41.413 plugin-container[18753:707727] nil host used in call to allowsSpecificHTTPSCertificateForHost
2022-08-15 15:11:41.413 plugin-container[18753:707727] nil host used in call to allowsAnyHTTPSCertificateForHost:
2022-08-15 15:11:41.415 plugin-container[18753:707727] nil host used in call to allowsSpecificHTTPSCertificateForHost
2022-08-15 15:11:41.415 plugin-container[18753:707727] nil host used in call to allowsAnyHTTPSCertificateForHost:
2022-08-15 15:11:41.415 plugin-container[18753:707733] nil host used in call to allowsSpecificHTTPSCertificateForHost
2022-08-15 15:11:41.415 plugin-container[18753:707733] nil host used in call to allowsAnyHTTPSCertificateForHost:
1660601501448	Marionette	INFO	Marionette enabled
1660601501595	Marionette	INFO	Listening on port 50998
1660601501720	RemoteAgent	WARN	TLS certificate errors will be ignored for this session
console.warn: SearchSettings: "get: No settings file exists, new profile?" (new NotFoundError("Could not open the file at /var/folders/j8/1b1gqwm12xjdsz7zx20kh3080000gn/T/rust_mozprofile8N6jl5/search.json.mozlz4", (void 0)))
1660601503616	Marionette	INFO	Stopped listening on port 50998
1660601504029	geckodriver	INFO	Listening on 127.0.0.1:51035
1660601505047	mozrunner::runner	INFO	Running command: "/Applications/Firefox.app/Contents/MacOS/firefox-bin" "--marionette" "Mozilla/5.0 (Macintosh; Intel Mac OS X 10_15_7) AppleWebKit/605.1.15 (KHTML, like Gecko) Version/15.5 Safari/605.1.15" "--disable-notifications" "--incognito" "--disable-extensions" "-\xe2\x80\x93disable-web-security" "--no-sandbox" "-foreground" "-no-remote" "-profile" "/var/folders/j8/1b1gqwm12xjdsz7zx20kh3080000gn/T/rust_mozprofilelvoXgA"
2022-08-15 15:11:45.452 plugin-container[18764:708073] nil host used in call to allowsSpecificHTTPSCertificateForHost
2022-08-15 15:11:45.452 plugin-container[18764:708073] nil host used in call to allowsAnyHTTPSCertificateForHost:
2022-08-15 15:11:45.455 plugin-container[18764:708073] nil host used in call to allowsSpecificHTTPSCertificateForHost
2022-08-15 15:11:45.455 plugin-container[18764:708073] nil host used in call to allowsAnyHTTPSCertificateForHost:
2022-08-15 15:11:45.455 plugin-container[18764:708081] nil host used in call to allowsSpecificHTTPSCertificateForHost
2022-08-15 15:11:45.455 plugin-container[18764:708081] nil host used in call to allowsAnyHTTPSCertificateForHost:
1660601505475	Marionette	INFO	Marionette enabled
1660601505504	Marionette	INFO	Listening on port 51046
1660601505638	RemoteAgent	WARN	TLS certificate errors will be ignored for this session
console.warn: SearchSettings: "get: No settings file exists, new profile?" (new NotFoundError("Could not open the file at /var/folders/j8/1b1gqwm12xjdsz7zx20kh3080000gn/T/rust_mozprofilelvoXgA/search.json.mozlz4", (void 0)))
1660601507179	Marionette	INFO	Stopped listening on port 51046
1660601507693	geckodriver	INFO	Listening on 127.0.0.1:51082
1660601508714	mozrunner::runner	INFO	Running command: "/Applications/Firefox.app/Contents/MacOS/firefox-bin" "--marionette" "Mozilla/5.0 (Macintosh; Intel Mac OS X 10_15_7) AppleWebKit/605.1.15 (KHTML, like Gecko) Version/15.5 Safari/605.1.15" "--disable-notifications" "--incognito" "--disable-extensions" "-\xe2\x80\x93disable-web-security" "--no-sandbox" "-foreground" "-no-remote" "-profile" "/var/folders/j8/1b1gqwm12xjdsz7zx20kh3080000gn/T/rust_mozprofileh8yS7K"
2022-08-15 15:11:49.063 plugin-container[18773:708387] nil host used in call to allowsSpecificHTTPSCertificateForHost
2022-08-15 15:11:49.063 plugin-container[18773:708387] nil host used in call to allowsAnyHTTPSCertificateForHost:
2022-08-15 15:11:49.065 plugin-container[18773:708387] nil host used in call to allowsSpecificHTTPSCertificateForHost
2022-08-15 15:11:49.065 plugin-container[18773:708387] nil host used in call to allowsAnyHTTPSCertificateForHost:
2022-08-15 15:11:49.066 plugin-container[18773:708385] nil host used in call to allowsSpecificHTTPSCertificateForHost
2022-08-15 15:11:49.066 plugin-container[18773:708385] nil host used in call to allowsAnyHTTPSCertificateForHost:
1660601509083	Marionette	INFO	Marionette enabled
1660601509122	Marionette	INFO	Listening on port 51093
1660601509450	RemoteAgent	WARN	TLS certificate errors will be ignored for this session
console.warn: SearchSettings: "get: No settings file exists, new profile?" (new NotFoundError("Could not open the file at /var/folders/j8/1b1gqwm12xjdsz7zx20kh3080000gn/T/rust_mozprofileh8yS7K/search.json.mozlz4", (void 0)))
1660601510834	Marionette	INFO	Stopped listening on port 51093
1660601511236	geckodriver	INFO	Listening on 127.0.0.1:51127
1660601512257	mozrunner::runner	INFO	Running command: "/Applications/Firefox.app/Contents/MacOS/firefox-bin" "--marionette" "Mozilla/5.0 (Macintosh; Intel Mac OS X 10_15_7) AppleWebKit/605.1.15 (KHTML, like Gecko) Version/15.5 Safari/605.1.15" "--disable-notifications" "--incognito" "--disable-extensions" "-\xe2\x80\x93disable-web-security" "--no-sandbox" "-foreground" "-no-remote" "-profile" "/var/folders/j8/1b1gqwm12xjdsz7zx20kh3080000gn/T/rust_mozprofileGkuKTW"
2022-08-15 15:11:52.680 plugin-container[18784:708732] nil host used in call to allowsSpecificHTTPSCertificateForHost
2022-08-15 15:11:52.680 plugin-container[18784:708732] nil host used in call to allowsAnyHTTPSCertificateForHost:
2022-08-15 15:11:52.682 plugin-container[18784:708732] nil host used in call to allowsSpecificHTTPSCertificateForHost
2022-08-15 15:11:52.682 plugin-container[18784:708732] nil host used in call to allowsAnyHTTPSCertificateForHost:
2022-08-15 15:11:52.683 plugin-container[18784:708741] nil host used in call to allowsSpecificHTTPSCertificateForHost
2022-08-15 15:11:52.683 plugin-container[18784:708741] nil host used in call to allowsAnyHTTPSCertificateForHost:
1660601512700	Marionette	INFO	Marionette enabled
1660601512728	Marionette	INFO	Listening on port 51138
1660601512864	RemoteAgent	WARN	TLS certificate errors will be ignored for this session
console.warn: SearchSettings: "get: No settings file exists, new profile?" (new NotFoundError("Could not open the file at /var/folders/j8/1b1gqwm12xjdsz7zx20kh3080000gn/T/rust_mozprofileGkuKTW/search.json.mozlz4", (void 0)))
1660601514459	Marionette	INFO	Stopped listening on port 51138
1660601514853	geckodriver	INFO	Listening on 127.0.0.1:51172
1660601515871	mozrunner::runner	INFO	Running command: "/Applications/Firefox.app/Contents/MacOS/firefox-bin" "--marionette" "Mozilla/5.0 (Macintosh; Intel Mac OS X 10_15_7) AppleWebKit/605.1.15 (KHTML, like Gecko) Version/15.5 Safari/605.1.15" "--disable-notifications" "--incognito" "--disable-extensions" "-\xe2\x80\x93disable-web-security" "--no-sandbox" "-foreground" "-no-remote" "-profile" "/var/folders/j8/1b1gqwm12xjdsz7zx20kh3080000gn/T/rust_mozprofileV7lSQx"
2022-08-15 15:11:56.211 plugin-container[18795:709073] nil host used in call to allowsSpecificHTTPSCertificateForHost
2022-08-15 15:11:56.211 plugin-container[18795:709073] nil host used in call to allowsAnyHTTPSCertificateForHost:
2022-08-15 15:11:56.213 plugin-container[18795:709073] nil host used in call to allowsSpecificHTTPSCertificateForHost
2022-08-15 15:11:56.213 plugin-container[18795:709073] nil host used in call to allowsAnyHTTPSCertificateForHost:
2022-08-15 15:11:56.214 plugin-container[18795:709075] nil host used in call to allowsSpecificHTTPSCertificateForHost
2022-08-15 15:11:56.214 plugin-container[18795:709075] nil host used in call to allowsAnyHTTPSCertificateForHost:
1660601516230	Marionette	INFO	Marionette enabled
1660601516265	Marionette	INFO	Listening on port 51183
1660601516636	RemoteAgent	WARN	TLS certificate errors will be ignored for this session
console.warn: SearchSettings: "get: No settings file exists, new profile?" (new NotFoundError("Could not open the file at /var/folders/j8/1b1gqwm12xjdsz7zx20kh3080000gn/T/rust_mozprofileV7lSQx/search.json.mozlz4", (void 0)))
1660601517975	Marionette	INFO	Stopped listening on port 51183
1660601518389	geckodriver	INFO	Listening on 127.0.0.1:51217
1660601519403	mozrunner::runner	INFO	Running command: "/Applications/Firefox.app/Contents/MacOS/firefox-bin" "--marionette" "Mozilla/5.0 (Macintosh; Intel Mac OS X 10_15_7) AppleWebKit/605.1.15 (KHTML, like Gecko) Version/15.5 Safari/605.1.15" "--disable-notifications" "--incognito" "--disable-extensions" "-\xe2\x80\x93disable-web-security" "--no-sandbox" "-foreground" "-no-remote" "-profile" "/var/folders/j8/1b1gqwm12xjdsz7zx20kh3080000gn/T/rust_mozprofilenL2JN2"
2022-08-15 15:11:59.726 plugin-container[18806:709481] nil host used in call to allowsSpecificHTTPSCertificateForHost
2022-08-15 15:11:59.727 plugin-container[18806:709481] nil host used in call to allowsAnyHTTPSCertificateForHost:
2022-08-15 15:11:59.729 plugin-container[18806:709481] nil host used in call to allowsSpecificHTTPSCertificateForHost
2022-08-15 15:11:59.729 plugin-container[18806:709481] nil host used in call to allowsAnyHTTPSCertificateForHost:
2022-08-15 15:11:59.729 plugin-container[18806:709487] nil host used in call to allowsSpecificHTTPSCertificateForHost
2022-08-15 15:11:59.729 plugin-container[18806:709487] nil host used in call to allowsAnyHTTPSCertificateForHost:
1660601519747	Marionette	INFO	Marionette enabled
1660601519779	Marionette	INFO	Listening on port 51228
1660601520144	RemoteAgent	WARN	TLS certificate errors will be ignored for this session
console.warn: SearchSettings: "get: No settings file exists, new profile?" (new NotFoundError("Could not open the file at /var/folders/j8/1b1gqwm12xjdsz7zx20kh3080000gn/T/rust_mozprofilenL2JN2/search.json.mozlz4", (void 0)))
1660601521576	Marionette	INFO	Stopped listening on port 51228
console.error: services.settings: 
  main/whats-new-panel Signature failed  TypeError: NetworkError: Network request failed
1660601521969	geckodriver	INFO	Listening on 127.0.0.1:51276
1660601523113	geckodriver	INFO	Listening on 127.0.0.1:51280
1660601524133	mozrunner::runner	INFO	Running command: "/Applications/Firefox.app/Contents/MacOS/firefox-bin" "--marionette" "Mozilla/5.0 (Macintosh; Intel Mac OS X 10_15_7) AppleWebKit/605.1.15 (KHTML, like Gecko) Version/15.5 Safari/605.1.15" "--disable-notifications" "--incognito" "--disable-extensions" "-\xe2\x80\x93disable-web-security" "--no-sandbox" "-foreground" "-no-remote" "-profile" "/var/folders/j8/1b1gqwm12xjdsz7zx20kh3080000gn/T/rust_mozprofile1onRjt"
2022-08-15 15:12:04.459 plugin-container[18820:709875] nil host used in call to allowsSpecificHTTPSCertificateForHost
2022-08-15 15:12:04.459 plugin-container[18820:709875] nil host used in call to allowsAnyHTTPSCertificateForHost:
2022-08-15 15:12:04.461 plugin-container[18820:709875] nil host used in call to allowsSpecificHTTPSCertificateForHost
2022-08-15 15:12:04.461 plugin-container[18820:709875] nil host used in call to allowsAnyHTTPSCertificateForHost:
2022-08-15 15:12:04.461 plugin-container[18820:709873] nil host used in call to allowsSpecificHTTPSCertificateForHost
2022-08-15 15:12:04.461 plugin-container[18820:709873] nil host used in call to allowsAnyHTTPSCertificateForHost:
1660601524480	Marionette	INFO	Marionette enabled
1660601524513	Marionette	INFO	Listening on port 51291
1660601524890	RemoteAgent	WARN	TLS certificate errors will be ignored for this session
console.warn: SearchSettings: "get: No settings file exists, new profile?" (new NotFoundError("Could not open the file at /var/folders/j8/1b1gqwm12xjdsz7zx20kh3080000gn/T/rust_mozprofile1onRjt/search.json.mozlz4", (void 0)))
1660601526375	Marionette	INFO	Stopped listening on port 51291
1660601526767	geckodriver	INFO	Listening on 127.0.0.1:51325
1660601527786	mozrunner::runner	INFO	Running command: "/Applications/Firefox.app/Contents/MacOS/firefox-bin" "--marionette" "Mozilla/5.0 (Macintosh; Intel Mac OS X 10_15_7) AppleWebKit/605.1.15 (KHTML, like Gecko) Version/15.5 Safari/605.1.15" "--disable-notifications" "--incognito" "--disable-extensions" "-\xe2\x80\x93disable-web-security" "--no-sandbox" "-foreground" "-no-remote" "-profile" "/var/folders/j8/1b1gqwm12xjdsz7zx20kh3080000gn/T/rust_mozprofileqBhwNV"
2022-08-15 15:12:08.184 plugin-container[18829:710187] nil host used in call to allowsSpecificHTTPSCertificateForHost
2022-08-15 15:12:08.184 plugin-container[18829:710187] nil host used in call to allowsAnyHTTPSCertificateForHost:
2022-08-15 15:12:08.187 plugin-container[18829:710187] nil host used in call to allowsSpecificHTTPSCertificateForHost
2022-08-15 15:12:08.187 plugin-container[18829:710187] nil host used in call to allowsAnyHTTPSCertificateForHost:
2022-08-15 15:12:08.187 plugin-container[18829:710193] nil host used in call to allowsSpecificHTTPSCertificateForHost
2022-08-15 15:12:08.187 plugin-container[18829:710193] nil host used in call to allowsAnyHTTPSCertificateForHost:
1660601528206	Marionette	INFO	Marionette enabled
1660601528234	Marionette	INFO	Listening on port 51336
1660601528380	RemoteAgent	WARN	TLS certificate errors will be ignored for this session
console.warn: SearchSettings: "get: No settings file exists, new profile?" (new NotFoundError("Could not open the file at /var/folders/j8/1b1gqwm12xjdsz7zx20kh3080000gn/T/rust_mozprofileqBhwNV/search.json.mozlz4", (void 0)))
1660601529896	Marionette	INFO	Stopped listening on port 51336
1660601530302	geckodriver	INFO	Listening on 127.0.0.1:51369
1660601531319	mozrunner::runner	INFO	Running command: "/Applications/Firefox.app/Contents/MacOS/firefox-bin" "--marionette" "Mozilla/5.0 (Macintosh; Intel Mac OS X 10_15_7) AppleWebKit/605.1.15 (KHTML, like Gecko) Version/15.5 Safari/605.1.15" "--disable-notifications" "--incognito" "--disable-extensions" "-\xe2\x80\x93disable-web-security" "--no-sandbox" "-foreground" "-no-remote" "-profile" "/var/folders/j8/1b1gqwm12xjdsz7zx20kh3080000gn/T/rust_mozprofilexrpBYQ"
2022-08-15 15:12:11.710 plugin-container[18840:710521] nil host used in call to allowsSpecificHTTPSCertificateForHost
2022-08-15 15:12:11.710 plugin-container[18840:710521] nil host used in call to allowsAnyHTTPSCertificateForHost:
2022-08-15 15:12:11.713 plugin-container[18840:710521] nil host used in call to allowsSpecificHTTPSCertificateForHost
2022-08-15 15:12:11.713 plugin-container[18840:710521] nil host used in call to allowsAnyHTTPSCertificateForHost:
2022-08-15 15:12:11.713 plugin-container[18840:710519] nil host used in call to allowsSpecificHTTPSCertificateForHost
2022-08-15 15:12:11.713 plugin-container[18840:710519] nil host used in call to allowsAnyHTTPSCertificateForHost:
1660601531731	Marionette	INFO	Marionette enabled
1660601531758	Marionette	INFO	Listening on port 51380
1660601531901	RemoteAgent	WARN	TLS certificate errors will be ignored for this session
console.warn: SearchSettings: "get: No settings file exists, new profile?" (new NotFoundError("Could not open the file at /var/folders/j8/1b1gqwm12xjdsz7zx20kh3080000gn/T/rust_mozprofilexrpBYQ/search.json.mozlz4", (void 0)))
1660601533422	Marionette	INFO	Stopped listening on port 51380
1660601533819	geckodriver	INFO	Listening on 127.0.0.1:51414
1660601534838	mozrunner::runner	INFO	Running command: "/Applications/Firefox.app/Contents/MacOS/firefox-bin" "--marionette" "Mozilla/5.0 (Macintosh; Intel Mac OS X 10_15_7) AppleWebKit/605.1.15 (KHTML, like Gecko) Version/15.5 Safari/605.1.15" "--disable-notifications" "--incognito" "--disable-extensions" "-\xe2\x80\x93disable-web-security" "--no-sandbox" "-foreground" "-no-remote" "-profile" "/var/folders/j8/1b1gqwm12xjdsz7zx20kh3080000gn/T/rust_mozprofile2woOhp"
2022-08-15 15:12:15.162 plugin-container[18851:710880] nil host used in call to allowsSpecificHTTPSCertificateForHost
2022-08-15 15:12:15.163 plugin-container[18851:710880] nil host used in call to allowsAnyHTTPSCertificateForHost:
2022-08-15 15:12:15.165 plugin-container[18851:710880] nil host used in call to allowsSpecificHTTPSCertificateForHost
2022-08-15 15:12:15.165 plugin-container[18851:710880] nil host used in call to allowsAnyHTTPSCertificateForHost:
2022-08-15 15:12:15.166 plugin-container[18851:710884] nil host used in call to allowsSpecificHTTPSCertificateForHost
2022-08-15 15:12:15.166 plugin-container[18851:710884] nil host used in call to allowsAnyHTTPSCertificateForHost:
1660601535184	Marionette	INFO	Marionette enabled
1660601535221	Marionette	INFO	Listening on port 51425
1660601535602	RemoteAgent	WARN	TLS certificate errors will be ignored for this session
console.warn: SearchSettings: "get: No settings file exists, new profile?" (new NotFoundError("Could not open the file at /var/folders/j8/1b1gqwm12xjdsz7zx20kh3080000gn/T/rust_mozprofile2woOhp/search.json.mozlz4", (void 0)))
1660601537132	Marionette	INFO	Stopped listening on port 51425
1660601537521	geckodriver	INFO	Listening on 127.0.0.1:51459
1660601907871	geckodriver	INFO	Listening on 127.0.0.1:51565
1660601908888	mozrunner::runner	INFO	Running command: "/Applications/Firefox.app/Contents/MacOS/firefox-bin" "--marionette" "Mozilla/5.0 (Macintosh; Intel Mac OS X 10_15_7) AppleWebKit/605.1.15 (KHTML, like Gecko) Version/15.5 Safari/605.1.15" "--disable-notifications" "--incognito" "--disable-extensions" "-\xe2\x80\x93disable-web-security" "--no-sandbox" "-foreground" "-no-remote" "-profile" "/var/folders/j8/1b1gqwm12xjdsz7zx20kh3080000gn/T/rust_mozprofilep61Cmv"
2022-08-15 15:18:29.508 plugin-container[19001:713682] nil host used in call to allowsSpecificHTTPSCertificateForHost
2022-08-15 15:18:29.509 plugin-container[19001:713682] nil host used in call to allowsAnyHTTPSCertificateForHost:
1660601909537	Marionette	INFO	Marionette enabled
2022-08-15 15:18:29.598 plugin-container[19001:713682] nil host used in call to allowsSpecificHTTPSCertificateForHost
2022-08-15 15:18:29.598 plugin-container[19001:713682] nil host used in call to allowsAnyHTTPSCertificateForHost:
2022-08-15 15:18:29.598 plugin-container[19001:713707] nil host used in call to allowsSpecificHTTPSCertificateForHost
2022-08-15 15:18:29.598 plugin-container[19001:713707] nil host used in call to allowsAnyHTTPSCertificateForHost:
1660601909691	Marionette	INFO	Listening on port 51576
1660601909811	RemoteAgent	WARN	TLS certificate errors will be ignored for this session
console.warn: SearchSettings: "get: No settings file exists, new profile?" (new NotFoundError("Could not open the file at /var/folders/j8/1b1gqwm12xjdsz7zx20kh3080000gn/T/rust_mozprofilep61Cmv/search.json.mozlz4", (void 0)))
1660601911675	Marionette	INFO	Stopped listening on port 51576
1660601912079	geckodriver	INFO	Listening on 127.0.0.1:51613
1660601913099	mozrunner::runner	INFO	Running command: "/Applications/Firefox.app/Contents/MacOS/firefox-bin" "--marionette" "Mozilla/5.0 (Macintosh; Intel Mac OS X 10_15_7) AppleWebKit/605.1.15 (KHTML, like Gecko) Version/15.5 Safari/605.1.15" "--disable-notifications" "--incognito" "--disable-extensions" "-\xe2\x80\x93disable-web-security" "--no-sandbox" "-foreground" "-no-remote" "-profile" "/var/folders/j8/1b1gqwm12xjdsz7zx20kh3080000gn/T/rust_mozprofileeSHNoI"
2022-08-15 15:18:33.499 plugin-container[19012:714022] nil host used in call to allowsSpecificHTTPSCertificateForHost
2022-08-15 15:18:33.499 plugin-container[19012:714022] nil host used in call to allowsAnyHTTPSCertificateForHost:
2022-08-15 15:18:33.501 plugin-container[19012:714022] nil host used in call to allowsSpecificHTTPSCertificateForHost
2022-08-15 15:18:33.501 plugin-container[19012:714022] nil host used in call to allowsAnyHTTPSCertificateForHost:
2022-08-15 15:18:33.502 plugin-container[19012:714026] nil host used in call to allowsSpecificHTTPSCertificateForHost
2022-08-15 15:18:33.502 plugin-container[19012:714026] nil host used in call to allowsAnyHTTPSCertificateForHost:
1660601913518	Marionette	INFO	Marionette enabled
1660601913547	Marionette	INFO	Listening on port 51624
1660601913699	RemoteAgent	WARN	TLS certificate errors will be ignored for this session
console.warn: SearchSettings: "get: No settings file exists, new profile?" (new NotFoundError("Could not open the file at /var/folders/j8/1b1gqwm12xjdsz7zx20kh3080000gn/T/rust_mozprofileeSHNoI/search.json.mozlz4", (void 0)))
1660601915172	Marionette	INFO	Stopped listening on port 51624
1660601915686	geckodriver	INFO	Listening on 127.0.0.1:51658
1660601916707	mozrunner::runner	INFO	Running command: "/Applications/Firefox.app/Contents/MacOS/firefox-bin" "--marionette" "Mozilla/5.0 (Macintosh; Intel Mac OS X 10_15_7) AppleWebKit/605.1.15 (KHTML, like Gecko) Version/15.5 Safari/605.1.15" "--disable-notifications" "--incognito" "--disable-extensions" "-\xe2\x80\x93disable-web-security" "--no-sandbox" "-foreground" "-no-remote" "-profile" "/var/folders/j8/1b1gqwm12xjdsz7zx20kh3080000gn/T/rust_mozprofile8x1eCr"
2022-08-15 15:18:37.116 plugin-container[19023:714355] nil host used in call to allowsSpecificHTTPSCertificateForHost
2022-08-15 15:18:37.116 plugin-container[19023:714355] nil host used in call to allowsAnyHTTPSCertificateForHost:
2022-08-15 15:18:37.119 plugin-container[19023:714355] nil host used in call to allowsSpecificHTTPSCertificateForHost
2022-08-15 15:18:37.119 plugin-container[19023:714355] nil host used in call to allowsAnyHTTPSCertificateForHost:
2022-08-15 15:18:37.119 plugin-container[19023:714353] nil host used in call to allowsSpecificHTTPSCertificateForHost
2022-08-15 15:18:37.119 plugin-container[19023:714353] nil host used in call to allowsAnyHTTPSCertificateForHost:
1660601917137	Marionette	INFO	Marionette enabled
1660601917165	Marionette	INFO	Listening on port 51669
1660601917316	RemoteAgent	WARN	TLS certificate errors will be ignored for this session
console.warn: SearchSettings: "get: No settings file exists, new profile?" (new NotFoundError("Could not open the file at /var/folders/j8/1b1gqwm12xjdsz7zx20kh3080000gn/T/rust_mozprofile8x1eCr/search.json.mozlz4", (void 0)))
1660601918807	Marionette	INFO	Stopped listening on port 51669
1660601919209	geckodriver	INFO	Listening on 127.0.0.1:51703
1660601920227	mozrunner::runner	INFO	Running command: "/Applications/Firefox.app/Contents/MacOS/firefox-bin" "--marionette" "Mozilla/5.0 (Macintosh; Intel Mac OS X 10_15_7) AppleWebKit/605.1.15 (KHTML, like Gecko) Version/15.5 Safari/605.1.15" "--disable-notifications" "--incognito" "--disable-extensions" "-\xe2\x80\x93disable-web-security" "--no-sandbox" "-foreground" "-no-remote" "-profile" "/var/folders/j8/1b1gqwm12xjdsz7zx20kh3080000gn/T/rust_mozprofilefPzItm"
2022-08-15 15:18:40.560 plugin-container[19032:714667] nil host used in call to allowsSpecificHTTPSCertificateForHost
2022-08-15 15:18:40.560 plugin-container[19032:714667] nil host used in call to allowsAnyHTTPSCertificateForHost:
2022-08-15 15:18:40.562 plugin-container[19032:714667] nil host used in call to allowsSpecificHTTPSCertificateForHost
2022-08-15 15:18:40.562 plugin-container[19032:714667] nil host used in call to allowsAnyHTTPSCertificateForHost:
2022-08-15 15:18:40.562 plugin-container[19032:714665] nil host used in call to allowsSpecificHTTPSCertificateForHost
2022-08-15 15:18:40.562 plugin-container[19032:714665] nil host used in call to allowsAnyHTTPSCertificateForHost:
1660601920582	Marionette	INFO	Marionette enabled
1660601920618	Marionette	INFO	Listening on port 51714
1660601920969	RemoteAgent	WARN	TLS certificate errors will be ignored for this session
console.warn: SearchSettings: "get: No settings file exists, new profile?" (new NotFoundError("Could not open the file at /var/folders/j8/1b1gqwm12xjdsz7zx20kh3080000gn/T/rust_mozprofilefPzItm/search.json.mozlz4", (void 0)))
1660601922496	Marionette	INFO	Stopped listening on port 51714
1660601922888	geckodriver	INFO	Listening on 127.0.0.1:51748
1660601924036	geckodriver	INFO	Listening on 127.0.0.1:51751
1660601925056	mozrunner::runner	INFO	Running command: "/Applications/Firefox.app/Contents/MacOS/firefox-bin" "--marionette" "Mozilla/5.0 (Macintosh; Intel Mac OS X 10_15_7) AppleWebKit/605.1.15 (KHTML, like Gecko) Version/15.5 Safari/605.1.15" "--disable-notifications" "--incognito" "--disable-extensions" "-\xe2\x80\x93disable-web-security" "--no-sandbox" "-foreground" "-no-remote" "-profile" "/var/folders/j8/1b1gqwm12xjdsz7zx20kh3080000gn/T/rust_mozprofile9NG65r"
2022-08-15 15:18:45.400 plugin-container[19046:715054] nil host used in call to allowsSpecificHTTPSCertificateForHost
2022-08-15 15:18:45.401 plugin-container[19046:715054] nil host used in call to allowsAnyHTTPSCertificateForHost:
2022-08-15 15:18:45.403 plugin-container[19046:715054] nil host used in call to allowsSpecificHTTPSCertificateForHost
2022-08-15 15:18:45.403 plugin-container[19046:715054] nil host used in call to allowsAnyHTTPSCertificateForHost:
2022-08-15 15:18:45.403 plugin-container[19046:715058] nil host used in call to allowsSpecificHTTPSCertificateForHost
2022-08-15 15:18:45.403 plugin-container[19046:715058] nil host used in call to allowsAnyHTTPSCertificateForHost:
1660601925421	Marionette	INFO	Marionette enabled
1660601925455	Marionette	INFO	Listening on port 51762
1660601925800	RemoteAgent	WARN	TLS certificate errors will be ignored for this session
console.warn: SearchSettings: "get: No settings file exists, new profile?" (new NotFoundError("Could not open the file at /var/folders/j8/1b1gqwm12xjdsz7zx20kh3080000gn/T/rust_mozprofile9NG65r/search.json.mozlz4", (void 0)))
1660601927238	Marionette	INFO	Stopped listening on port 51762
console.error: services.settings: 
  main/whats-new-panel Signature failed  TypeError: NetworkError: Network request failed
1660601927629	geckodriver	INFO	Listening on 127.0.0.1:51796
1660601928648	mozrunner::runner	INFO	Running command: "/Applications/Firefox.app/Contents/MacOS/firefox-bin" "--marionette" "Mozilla/5.0 (Macintosh; Intel Mac OS X 10_15_7) AppleWebKit/605.1.15 (KHTML, like Gecko) Version/15.5 Safari/605.1.15" "--disable-notifications" "--incognito" "--disable-extensions" "-\xe2\x80\x93disable-web-security" "--no-sandbox" "-foreground" "-no-remote" "-profile" "/var/folders/j8/1b1gqwm12xjdsz7zx20kh3080000gn/T/rust_mozprofileDpqQp5"
2022-08-15 15:18:48.965 plugin-container[19057:715368] nil host used in call to allowsSpecificHTTPSCertificateForHost
2022-08-15 15:18:48.965 plugin-container[19057:715368] nil host used in call to allowsAnyHTTPSCertificateForHost:
2022-08-15 15:18:48.967 plugin-container[19057:715368] nil host used in call to allowsSpecificHTTPSCertificateForHost
2022-08-15 15:18:48.967 plugin-container[19057:715368] nil host used in call to allowsAnyHTTPSCertificateForHost:
2022-08-15 15:18:48.967 plugin-container[19057:715372] nil host used in call to allowsSpecificHTTPSCertificateForHost
2022-08-15 15:18:48.967 plugin-container[19057:715372] nil host used in call to allowsAnyHTTPSCertificateForHost:
1660601928985	Marionette	INFO	Marionette enabled
1660601929019	Marionette	INFO	Listening on port 51807
1660601929399	RemoteAgent	WARN	TLS certificate errors will be ignored for this session
console.warn: SearchSettings: "get: No settings file exists, new profile?" (new NotFoundError("Could not open the file at /var/folders/j8/1b1gqwm12xjdsz7zx20kh3080000gn/T/rust_mozprofileDpqQp5/search.json.mozlz4", (void 0)))
1660601930664	Marionette	INFO	Stopped listening on port 51807
console.error: services.settings: 
  main/whats-new-panel Signature failed  TypeError: NetworkError: Network request failed
1660601931051	geckodriver	INFO	Listening on 127.0.0.1:51840
1660601932080	geckodriver	INFO	Listening on 127.0.0.1:51843
1660601933098	mozrunner::runner	INFO	Running command: "/Applications/Firefox.app/Contents/MacOS/firefox-bin" "--marionette" "Mozilla/5.0 (Macintosh; Intel Mac OS X 10_15_7) AppleWebKit/605.1.15 (KHTML, like Gecko) Version/15.5 Safari/605.1.15" "--disable-notifications" "--incognito" "--disable-extensions" "-\xe2\x80\x93disable-web-security" "--no-sandbox" "-foreground" "-no-remote" "-profile" "/var/folders/j8/1b1gqwm12xjdsz7zx20kh3080000gn/T/rust_mozprofilesgBBOG"
2022-08-15 15:18:53.423 plugin-container[19069:715740] nil host used in call to allowsSpecificHTTPSCertificateForHost
2022-08-15 15:18:53.423 plugin-container[19069:715740] nil host used in call to allowsAnyHTTPSCertificateForHost:
2022-08-15 15:18:53.426 plugin-container[19069:715740] nil host used in call to allowsSpecificHTTPSCertificateForHost
2022-08-15 15:18:53.426 plugin-container[19069:715740] nil host used in call to allowsAnyHTTPSCertificateForHost:
2022-08-15 15:18:53.426 plugin-container[19069:715738] nil host used in call to allowsSpecificHTTPSCertificateForHost
2022-08-15 15:18:53.426 plugin-container[19069:715738] nil host used in call to allowsAnyHTTPSCertificateForHost:
1660601933443	Marionette	INFO	Marionette enabled
1660601933479	Marionette	INFO	Listening on port 51854
1660601933836	RemoteAgent	WARN	TLS certificate errors will be ignored for this session
console.warn: SearchSettings: "get: No settings file exists, new profile?" (new NotFoundError("Could not open the file at /var/folders/j8/1b1gqwm12xjdsz7zx20kh3080000gn/T/rust_mozprofilesgBBOG/search.json.mozlz4", (void 0)))
1660601935345	Marionette	INFO	Stopped listening on port 51854
1660604560887	geckodriver	INFO	Listening on 127.0.0.1:52551
1660604561908	mozrunner::runner	INFO	Running command: "/Applications/Firefox.app/Contents/MacOS/firefox-bin" "--marionette" "Mozilla/5.0 (Macintosh; Intel Mac OS X 10_15_7) AppleWebKit/605.1.15 (KHTML, like Gecko) Version/15.5 Safari/605.1.15" "--disable-notifications" "--incognito" "--disable-extensions" "-\xe2\x80\x93disable-web-security" "--no-sandbox" "--headless" "-foreground" "-no-remote" "-profile" "/var/folders/j8/1b1gqwm12xjdsz7zx20kh3080000gn/T/rust_mozprofileuPCAr5"
*** You are running in headless mode.
2022-08-15 16:02:42.428 plugin-container[19937:737812] nil host used in call to allowsSpecificHTTPSCertificateForHost
2022-08-15 16:02:42.428 plugin-container[19937:737812] nil host used in call to allowsAnyHTTPSCertificateForHost:
1660604562454	Marionette	INFO	Marionette enabled
1660604562493	Marionette	INFO	Listening on port 52562
2022-08-15 16:02:42.511 plugin-container[19937:737812] nil host used in call to allowsSpecificHTTPSCertificateForHost
2022-08-15 16:02:42.511 plugin-container[19937:737812] nil host used in call to allowsAnyHTTPSCertificateForHost:
2022-08-15 16:02:42.511 plugin-container[19937:737840] nil host used in call to allowsSpecificHTTPSCertificateForHost
2022-08-15 16:02:42.511 plugin-container[19937:737840] nil host used in call to allowsAnyHTTPSCertificateForHost:
1660604562662	RemoteAgent	WARN	TLS certificate errors will be ignored for this session
[GFX1-]: RenderCompositorSWGL failed mapping default framebuffer, no dt
console.warn: SearchSettings: "get: No settings file exists, new profile?" (new NotFoundError("Could not open the file at /var/folders/j8/1b1gqwm12xjdsz7zx20kh3080000gn/T/rust_mozprofileuPCAr5/search.json.mozlz4", (void 0)))
1660604564388	Marionette	INFO	Stopped listening on port 52562
1660604564791	geckodriver	INFO	Listening on 127.0.0.1:52598
1660604565812	mozrunner::runner	INFO	Running command: "/Applications/Firefox.app/Contents/MacOS/firefox-bin" "--marionette" "Mozilla/5.0 (Macintosh; Intel Mac OS X 10_15_7) AppleWebKit/605.1.15 (KHTML, like Gecko) Version/15.5 Safari/605.1.15" "--disable-notifications" "--incognito" "--disable-extensions" "-\xe2\x80\x93disable-web-security" "--no-sandbox" "--headless" "-foreground" "-no-remote" "-profile" "/var/folders/j8/1b1gqwm12xjdsz7zx20kh3080000gn/T/rust_mozprofiletvwvHK"
*** You are running in headless mode.
2022-08-15 16:02:46.132 plugin-container[19948:738152] nil host used in call to allowsSpecificHTTPSCertificateForHost
2022-08-15 16:02:46.133 plugin-container[19948:738152] nil host used in call to allowsAnyHTTPSCertificateForHost:
2022-08-15 16:02:46.135 plugin-container[19948:738152] nil host used in call to allowsSpecificHTTPSCertificateForHost
2022-08-15 16:02:46.135 plugin-container[19948:738152] nil host used in call to allowsAnyHTTPSCertificateForHost:
2022-08-15 16:02:46.135 plugin-container[19948:738158] nil host used in call to allowsSpecificHTTPSCertificateForHost
2022-08-15 16:02:46.135 plugin-container[19948:738158] nil host used in call to allowsAnyHTTPSCertificateForHost:
1660604566153	Marionette	INFO	Marionette enabled
1660604566168	Marionette	INFO	Listening on port 52609
1660604566418	RemoteAgent	WARN	TLS certificate errors will be ignored for this session
[GFX1-]: RenderCompositorSWGL failed mapping default framebuffer, no dt
console.warn: SearchSettings: "get: No settings file exists, new profile?" (new NotFoundError("Could not open the file at /var/folders/j8/1b1gqwm12xjdsz7zx20kh3080000gn/T/rust_mozprofiletvwvHK/search.json.mozlz4", (void 0)))
1660604567643	Marionette	INFO	Stopped listening on port 52609
1660604568165	geckodriver	INFO	Listening on 127.0.0.1:52642
1660604569184	mozrunner::runner	INFO	Running command: "/Applications/Firefox.app/Contents/MacOS/firefox-bin" "--marionette" "Mozilla/5.0 (Macintosh; Intel Mac OS X 10_15_7) AppleWebKit/605.1.15 (KHTML, like Gecko) Version/15.5 Safari/605.1.15" "--disable-notifications" "--incognito" "--disable-extensions" "-\xe2\x80\x93disable-web-security" "--no-sandbox" "--headless" "-foreground" "-no-remote" "-profile" "/var/folders/j8/1b1gqwm12xjdsz7zx20kh3080000gn/T/rust_mozprofilegBqTbu"
*** You are running in headless mode.
2022-08-15 16:02:49.509 plugin-container[19957:738478] nil host used in call to allowsSpecificHTTPSCertificateForHost
2022-08-15 16:02:49.509 plugin-container[19957:738478] nil host used in call to allowsAnyHTTPSCertificateForHost:
2022-08-15 16:02:49.512 plugin-container[19957:738478] nil host used in call to allowsSpecificHTTPSCertificateForHost
2022-08-15 16:02:49.512 plugin-container[19957:738478] nil host used in call to allowsAnyHTTPSCertificateForHost:
2022-08-15 16:02:49.512 plugin-container[19957:738484] nil host used in call to allowsSpecificHTTPSCertificateForHost
2022-08-15 16:02:49.512 plugin-container[19957:738484] nil host used in call to allowsAnyHTTPSCertificateForHost:
1660604569530	Marionette	INFO	Marionette enabled
1660604569552	Marionette	INFO	Listening on port 52653
1660604569908	RemoteAgent	WARN	TLS certificate errors will be ignored for this session
[GFX1-]: RenderCompositorSWGL failed mapping default framebuffer, no dt
console.warn: SearchSettings: "get: No settings file exists, new profile?" (new NotFoundError("Could not open the file at /var/folders/j8/1b1gqwm12xjdsz7zx20kh3080000gn/T/rust_mozprofilegBqTbu/search.json.mozlz4", (void 0)))
1660604571082	Marionette	INFO	Stopped listening on port 52653
1660604571493	geckodriver	INFO	Listening on 127.0.0.1:52686
1660604572512	mozrunner::runner	INFO	Running command: "/Applications/Firefox.app/Contents/MacOS/firefox-bin" "--marionette" "Mozilla/5.0 (Macintosh; Intel Mac OS X 10_15_7) AppleWebKit/605.1.15 (KHTML, like Gecko) Version/15.5 Safari/605.1.15" "--disable-notifications" "--incognito" "--disable-extensions" "-\xe2\x80\x93disable-web-security" "--no-sandbox" "--headless" "-foreground" "-no-remote" "-profile" "/var/folders/j8/1b1gqwm12xjdsz7zx20kh3080000gn/T/rust_mozprofilezCf4hK"
*** You are running in headless mode.
2022-08-15 16:02:52.840 plugin-container[19968:738789] nil host used in call to allowsSpecificHTTPSCertificateForHost
2022-08-15 16:02:52.840 plugin-container[19968:738789] nil host used in call to allowsAnyHTTPSCertificateForHost:
2022-08-15 16:02:52.843 plugin-container[19968:738789] nil host used in call to allowsSpecificHTTPSCertificateForHost
2022-08-15 16:02:52.843 plugin-container[19968:738789] nil host used in call to allowsAnyHTTPSCertificateForHost:
2022-08-15 16:02:52.843 plugin-container[19968:738795] nil host used in call to allowsSpecificHTTPSCertificateForHost
2022-08-15 16:02:52.843 plugin-container[19968:738795] nil host used in call to allowsAnyHTTPSCertificateForHost:
1660604572861	Marionette	INFO	Marionette enabled
1660604572905	Marionette	INFO	Listening on port 52697
1660604573051	RemoteAgent	WARN	TLS certificate errors will be ignored for this session
[GFX1-]: RenderCompositorSWGL failed mapping default framebuffer, no dt
console.warn: SearchSettings: "get: No settings file exists, new profile?" (new NotFoundError("Could not open the file at /var/folders/j8/1b1gqwm12xjdsz7zx20kh3080000gn/T/rust_mozprofilezCf4hK/search.json.mozlz4", (void 0)))
1660604574502	Marionette	INFO	Stopped listening on port 52697
1660604574902	geckodriver	INFO	Listening on 127.0.0.1:52732
1660604575919	mozrunner::runner	INFO	Running command: "/Applications/Firefox.app/Contents/MacOS/firefox-bin" "--marionette" "Mozilla/5.0 (Macintosh; Intel Mac OS X 10_15_7) AppleWebKit/605.1.15 (KHTML, like Gecko) Version/15.5 Safari/605.1.15" "--disable-notifications" "--incognito" "--disable-extensions" "-\xe2\x80\x93disable-web-security" "--no-sandbox" "--headless" "-foreground" "-no-remote" "-profile" "/var/folders/j8/1b1gqwm12xjdsz7zx20kh3080000gn/T/rust_mozprofile4zP2I7"
*** You are running in headless mode.
2022-08-15 16:02:56.235 plugin-container[19979:739155] nil host used in call to allowsSpecificHTTPSCertificateForHost
2022-08-15 16:02:56.236 plugin-container[19979:739155] nil host used in call to allowsAnyHTTPSCertificateForHost:
2022-08-15 16:02:56.238 plugin-container[19979:739155] nil host used in call to allowsSpecificHTTPSCertificateForHost
2022-08-15 16:02:56.238 plugin-container[19979:739155] nil host used in call to allowsAnyHTTPSCertificateForHost:
2022-08-15 16:02:56.238 plugin-container[19979:739159] nil host used in call to allowsSpecificHTTPSCertificateForHost
2022-08-15 16:02:56.238 plugin-container[19979:739159] nil host used in call to allowsAnyHTTPSCertificateForHost:
1660604576258	Marionette	INFO	Marionette enabled
1660604576278	Marionette	INFO	Listening on port 52743
1660604576622	RemoteAgent	WARN	TLS certificate errors will be ignored for this session
[GFX1-]: RenderCompositorSWGL failed mapping default framebuffer, no dt
console.warn: SearchSettings: "get: No settings file exists, new profile?" (new NotFoundError("Could not open the file at /var/folders/j8/1b1gqwm12xjdsz7zx20kh3080000gn/T/rust_mozprofile4zP2I7/search.json.mozlz4", (void 0)))
1660604577806	Marionette	INFO	Stopped listening on port 52743
1660604578329	geckodriver	INFO	Listening on 127.0.0.1:52775
1660604579352	mozrunner::runner	INFO	Running command: "/Applications/Firefox.app/Contents/MacOS/firefox-bin" "--marionette" "Mozilla/5.0 (Macintosh; Intel Mac OS X 10_15_7) AppleWebKit/605.1.15 (KHTML, like Gecko) Version/15.5 Safari/605.1.15" "--disable-notifications" "--incognito" "--disable-extensions" "-\xe2\x80\x93disable-web-security" "--no-sandbox" "--headless" "-foreground" "-no-remote" "-profile" "/var/folders/j8/1b1gqwm12xjdsz7zx20kh3080000gn/T/rust_mozprofilemUnkpz"
*** You are running in headless mode.
2022-08-15 16:02:59.681 plugin-container[19988:739479] nil host used in call to allowsSpecificHTTPSCertificateForHost
2022-08-15 16:02:59.682 plugin-container[19988:739479] nil host used in call to allowsAnyHTTPSCertificateForHost:
2022-08-15 16:02:59.684 plugin-container[19988:739479] nil host used in call to allowsSpecificHTTPSCertificateForHost
2022-08-15 16:02:59.684 plugin-container[19988:739479] nil host used in call to allowsAnyHTTPSCertificateForHost:
2022-08-15 16:02:59.684 plugin-container[19988:739483] nil host used in call to allowsSpecificHTTPSCertificateForHost
2022-08-15 16:02:59.684 plugin-container[19988:739483] nil host used in call to allowsAnyHTTPSCertificateForHost:
1660604579703	Marionette	INFO	Marionette enabled
1660604579719	Marionette	INFO	Listening on port 52786
1660604580032	RemoteAgent	WARN	TLS certificate errors will be ignored for this session
[GFX1-]: RenderCompositorSWGL failed mapping default framebuffer, no dt
console.warn: SearchSettings: "get: No settings file exists, new profile?" (new NotFoundError("Could not open the file at /var/folders/j8/1b1gqwm12xjdsz7zx20kh3080000gn/T/rust_mozprofilemUnkpz/search.json.mozlz4", (void 0)))
1660604581212	Marionette	INFO	Stopped listening on port 52786
1660604581626	geckodriver	INFO	Listening on 127.0.0.1:52819
1660604582644	mozrunner::runner	INFO	Running command: "/Applications/Firefox.app/Contents/MacOS/firefox-bin" "--marionette" "Mozilla/5.0 (Macintosh; Intel Mac OS X 10_15_7) AppleWebKit/605.1.15 (KHTML, like Gecko) Version/15.5 Safari/605.1.15" "--disable-notifications" "--incognito" "--disable-extensions" "-\xe2\x80\x93disable-web-security" "--no-sandbox" "--headless" "-foreground" "-no-remote" "-profile" "/var/folders/j8/1b1gqwm12xjdsz7zx20kh3080000gn/T/rust_mozprofile4Hae5y"
*** You are running in headless mode.
2022-08-15 16:03:02.966 plugin-container[19999:739815] nil host used in call to allowsSpecificHTTPSCertificateForHost
2022-08-15 16:03:02.966 plugin-container[19999:739815] nil host used in call to allowsAnyHTTPSCertificateForHost:
2022-08-15 16:03:02.968 plugin-container[19999:739815] nil host used in call to allowsSpecificHTTPSCertificateForHost
2022-08-15 16:03:02.968 plugin-container[19999:739815] nil host used in call to allowsAnyHTTPSCertificateForHost:
2022-08-15 16:03:02.968 plugin-container[19999:739817] nil host used in call to allowsSpecificHTTPSCertificateForHost
2022-08-15 16:03:02.968 plugin-container[19999:739817] nil host used in call to allowsAnyHTTPSCertificateForHost:
1660604582987	Marionette	INFO	Marionette enabled
1660604583034	Marionette	INFO	Listening on port 52830
1660604583177	RemoteAgent	WARN	TLS certificate errors will be ignored for this session
[GFX1-]: RenderCompositorSWGL failed mapping default framebuffer, no dt
console.warn: SearchSettings: "get: No settings file exists, new profile?" (new NotFoundError("Could not open the file at /var/folders/j8/1b1gqwm12xjdsz7zx20kh3080000gn/T/rust_mozprofile4Hae5y/search.json.mozlz4", (void 0)))
1660604584675	Marionette	INFO	Stopped listening on port 52830
1660604585081	geckodriver	INFO	Listening on 127.0.0.1:52863
1660604586115	geckodriver	INFO	Listening on 127.0.0.1:52866
1660604587134	mozrunner::runner	INFO	Running command: "/Applications/Firefox.app/Contents/MacOS/firefox-bin" "--marionette" "Mozilla/5.0 (Macintosh; Intel Mac OS X 10_15_7) AppleWebKit/605.1.15 (KHTML, like Gecko) Version/15.5 Safari/605.1.15" "--disable-notifications" "--incognito" "--disable-extensions" "-\xe2\x80\x93disable-web-security" "--no-sandbox" "--headless" "-foreground" "-no-remote" "-profile" "/var/folders/j8/1b1gqwm12xjdsz7zx20kh3080000gn/T/rust_mozprofileefqZW7"
*** You are running in headless mode.
2022-08-15 16:03:07.455 plugin-container[20013:740164] nil host used in call to allowsSpecificHTTPSCertificateForHost
2022-08-15 16:03:07.455 plugin-container[20013:740164] nil host used in call to allowsAnyHTTPSCertificateForHost:
2022-08-15 16:03:07.458 plugin-container[20013:740164] nil host used in call to allowsSpecificHTTPSCertificateForHost
2022-08-15 16:03:07.458 plugin-container[20013:740164] nil host used in call to allowsAnyHTTPSCertificateForHost:
2022-08-15 16:03:07.458 plugin-container[20013:740170] nil host used in call to allowsSpecificHTTPSCertificateForHost
2022-08-15 16:03:07.458 plugin-container[20013:740170] nil host used in call to allowsAnyHTTPSCertificateForHost:
1660604587476	Marionette	INFO	Marionette enabled
1660604587497	Marionette	INFO	Listening on port 52877
1660605776709	geckodriver	INFO	Listening on 127.0.0.1:53234
1660605777731	mozrunner::runner	INFO	Running command: "/Applications/Firefox.app/Contents/MacOS/firefox-bin" "--marionette" "Mozilla/5.0 (Macintosh; Intel Mac OS X 10_15_7) AppleWebKit/605.1.15 (KHTML, like Gecko) Version/15.5 Safari/605.1.15" "--disable-notifications" "--incognito" "--disable-extensions" "-\xe2\x80\x93disable-web-security" "--no-sandbox" "--headless" "-foreground" "-no-remote" "-profile" "/var/folders/j8/1b1gqwm12xjdsz7zx20kh3080000gn/T/rust_mozprofileyADMfb"
*** You are running in headless mode.
2022-08-15 16:22:58.291 plugin-container[20306:751282] nil host used in call to allowsSpecificHTTPSCertificateForHost
2022-08-15 16:22:58.291 plugin-container[20306:751282] nil host used in call to allowsAnyHTTPSCertificateForHost:
1660605778321	Marionette	INFO	Marionette enabled
1660605778369	Marionette	INFO	Listening on port 53250
2022-08-15 16:22:58.385 plugin-container[20306:751282] nil host used in call to allowsSpecificHTTPSCertificateForHost
2022-08-15 16:22:58.385 plugin-container[20306:751282] nil host used in call to allowsAnyHTTPSCertificateForHost:
2022-08-15 16:22:58.385 plugin-container[20306:751285] nil host used in call to allowsSpecificHTTPSCertificateForHost
2022-08-15 16:22:58.385 plugin-container[20306:751285] nil host used in call to allowsAnyHTTPSCertificateForHost:
1660605778533	RemoteAgent	WARN	TLS certificate errors will be ignored for this session
[GFX1-]: RenderCompositorSWGL failed mapping default framebuffer, no dt
console.warn: SearchSettings: "get: No settings file exists, new profile?" (new NotFoundError("Could not open the file at /var/folders/j8/1b1gqwm12xjdsz7zx20kh3080000gn/T/rust_mozprofileyADMfb/search.json.mozlz4", (void 0)))
1660605780285	Marionette	INFO	Stopped listening on port 53250
1660605780683	geckodriver	INFO	Listening on 127.0.0.1:53296
1660605781703	mozrunner::runner	INFO	Running command: "/Applications/Firefox.app/Contents/MacOS/firefox-bin" "--marionette" "Mozilla/5.0 (Macintosh; Intel Mac OS X 10_15_7) AppleWebKit/605.1.15 (KHTML, like Gecko) Version/15.5 Safari/605.1.15" "--disable-notifications" "--incognito" "--disable-extensions" "-\xe2\x80\x93disable-web-security" "--no-sandbox" "--headless" "-foreground" "-no-remote" "-profile" "/var/folders/j8/1b1gqwm12xjdsz7zx20kh3080000gn/T/rust_mozprofileJKNeu8"
*** You are running in headless mode.
2022-08-15 16:23:02.030 plugin-container[20318:751640] nil host used in call to allowsSpecificHTTPSCertificateForHost
2022-08-15 16:23:02.030 plugin-container[20318:751640] nil host used in call to allowsAnyHTTPSCertificateForHost:
2022-08-15 16:23:02.033 plugin-container[20318:751640] nil host used in call to allowsSpecificHTTPSCertificateForHost
2022-08-15 16:23:02.033 plugin-container[20318:751640] nil host used in call to allowsAnyHTTPSCertificateForHost:
2022-08-15 16:23:02.034 plugin-container[20318:751647] nil host used in call to allowsSpecificHTTPSCertificateForHost
2022-08-15 16:23:02.034 plugin-container[20318:751647] nil host used in call to allowsAnyHTTPSCertificateForHost:
1660605782051	Marionette	INFO	Marionette enabled
1660605782066	Marionette	INFO	Listening on port 53307
1660605782379	RemoteAgent	WARN	TLS certificate errors will be ignored for this session
[GFX1-]: RenderCompositorSWGL failed mapping default framebuffer, no dt
console.warn: SearchSettings: "get: No settings file exists, new profile?" (new NotFoundError("Could not open the file at /var/folders/j8/1b1gqwm12xjdsz7zx20kh3080000gn/T/rust_mozprofileJKNeu8/search.json.mozlz4", (void 0)))
1660605783561	Marionette	INFO	Stopped listening on port 53307
1660605783968	geckodriver	INFO	Listening on 127.0.0.1:53341
1660605784988	mozrunner::runner	INFO	Running command: "/Applications/Firefox.app/Contents/MacOS/firefox-bin" "--marionette" "Mozilla/5.0 (Macintosh; Intel Mac OS X 10_15_7) AppleWebKit/605.1.15 (KHTML, like Gecko) Version/15.5 Safari/605.1.15" "--disable-notifications" "--incognito" "--disable-extensions" "-\xe2\x80\x93disable-web-security" "--no-sandbox" "--headless" "-foreground" "-no-remote" "-profile" "/var/folders/j8/1b1gqwm12xjdsz7zx20kh3080000gn/T/rust_mozprofileglXuBf"
*** You are running in headless mode.
2022-08-15 16:23:05.320 plugin-container[20328:751975] nil host used in call to allowsSpecificHTTPSCertificateForHost
2022-08-15 16:23:05.320 plugin-container[20328:751975] nil host used in call to allowsAnyHTTPSCertificateForHost:
2022-08-15 16:23:05.323 plugin-container[20328:751975] nil host used in call to allowsSpecificHTTPSCertificateForHost
2022-08-15 16:23:05.323 plugin-container[20328:751975] nil host used in call to allowsAnyHTTPSCertificateForHost:
2022-08-15 16:23:05.324 plugin-container[20328:751973] nil host used in call to allowsSpecificHTTPSCertificateForHost
2022-08-15 16:23:05.324 plugin-container[20328:751973] nil host used in call to allowsAnyHTTPSCertificateForHost:
1660605785341	Marionette	INFO	Marionette enabled
1660605785361	Marionette	INFO	Listening on port 53352
1660605785711	RemoteAgent	WARN	TLS certificate errors will be ignored for this session
[GFX1-]: RenderCompositorSWGL failed mapping default framebuffer, no dt
console.warn: SearchSettings: "get: No settings file exists, new profile?" (new NotFoundError("Could not open the file at /var/folders/j8/1b1gqwm12xjdsz7zx20kh3080000gn/T/rust_mozprofileglXuBf/search.json.mozlz4", (void 0)))
1660605786915	Marionette	INFO	Stopped listening on port 53352
1660605787588	geckodriver	INFO	Listening on 127.0.0.1:53389
1660605788609	mozrunner::runner	INFO	Running command: "/Applications/Firefox.app/Contents/MacOS/firefox-bin" "--marionette" "Mozilla/5.0 (Macintosh; Intel Mac OS X 10_15_7) AppleWebKit/605.1.15 (KHTML, like Gecko) Version/15.5 Safari/605.1.15" "--disable-notifications" "--incognito" "--disable-extensions" "-\xe2\x80\x93disable-web-security" "--no-sandbox" "--headless" "-foreground" "-no-remote" "-profile" "/var/folders/j8/1b1gqwm12xjdsz7zx20kh3080000gn/T/rust_mozprofiles2lxkm"
*** You are running in headless mode.
2022-08-15 16:23:08.936 plugin-container[20338:752293] nil host used in call to allowsSpecificHTTPSCertificateForHost
2022-08-15 16:23:08.936 plugin-container[20338:752293] nil host used in call to allowsAnyHTTPSCertificateForHost:
2022-08-15 16:23:08.938 plugin-container[20338:752293] nil host used in call to allowsSpecificHTTPSCertificateForHost
2022-08-15 16:23:08.938 plugin-container[20338:752293] nil host used in call to allowsAnyHTTPSCertificateForHost:
2022-08-15 16:23:08.938 plugin-container[20338:752295] nil host used in call to allowsSpecificHTTPSCertificateForHost
2022-08-15 16:23:08.938 plugin-container[20338:752295] nil host used in call to allowsAnyHTTPSCertificateForHost:
1660605788958	Marionette	INFO	Marionette enabled
1660605788973	Marionette	INFO	Listening on port 53400
1660605789287	RemoteAgent	WARN	TLS certificate errors will be ignored for this session
[GFX1-]: RenderCompositorSWGL failed mapping default framebuffer, no dt
console.warn: SearchSettings: "get: No settings file exists, new profile?" (new NotFoundError("Could not open the file at /var/folders/j8/1b1gqwm12xjdsz7zx20kh3080000gn/T/rust_mozprofiles2lxkm/search.json.mozlz4", (void 0)))
1660605790778	Marionette	INFO	Stopped listening on port 53400
1660605791193	geckodriver	INFO	Listening on 127.0.0.1:53436
1660605792212	mozrunner::runner	INFO	Running command: "/Applications/Firefox.app/Contents/MacOS/firefox-bin" "--marionette" "Mozilla/5.0 (Macintosh; Intel Mac OS X 10_15_7) AppleWebKit/605.1.15 (KHTML, like Gecko) Version/15.5 Safari/605.1.15" "--disable-notifications" "--incognito" "--disable-extensions" "-\xe2\x80\x93disable-web-security" "--no-sandbox" "--headless" "-foreground" "-no-remote" "-profile" "/var/folders/j8/1b1gqwm12xjdsz7zx20kh3080000gn/T/rust_mozprofilehmHDKd"
*** You are running in headless mode.
2022-08-15 16:23:12.522 plugin-container[20347:752595] nil host used in call to allowsSpecificHTTPSCertificateForHost
2022-08-15 16:23:12.522 plugin-container[20347:752595] nil host used in call to allowsAnyHTTPSCertificateForHost:
2022-08-15 16:23:12.524 plugin-container[20347:752595] nil host used in call to allowsSpecificHTTPSCertificateForHost
2022-08-15 16:23:12.524 plugin-container[20347:752595] nil host used in call to allowsAnyHTTPSCertificateForHost:
2022-08-15 16:23:12.525 plugin-container[20347:752602] nil host used in call to allowsSpecificHTTPSCertificateForHost
2022-08-15 16:23:12.525 plugin-container[20347:752602] nil host used in call to allowsAnyHTTPSCertificateForHost:
1660605792543	Marionette	INFO	Marionette enabled
1660605792563	Marionette	INFO	Listening on port 53447
1660605792906	RemoteAgent	WARN	TLS certificate errors will be ignored for this session
[GFX1-]: RenderCompositorSWGL failed mapping default framebuffer, no dt
console.warn: SearchSettings: "get: No settings file exists, new profile?" (new NotFoundError("Could not open the file at /var/folders/j8/1b1gqwm12xjdsz7zx20kh3080000gn/T/rust_mozprofilehmHDKd/search.json.mozlz4", (void 0)))
1660605794139	Marionette	INFO	Stopped listening on port 53447
1660605794546	geckodriver	INFO	Listening on 127.0.0.1:53489
1660605795566	mozrunner::runner	INFO	Running command: "/Applications/Firefox.app/Contents/MacOS/firefox-bin" "--marionette" "Mozilla/5.0 (Macintosh; Intel Mac OS X 10_15_7) AppleWebKit/605.1.15 (KHTML, like Gecko) Version/15.5 Safari/605.1.15" "--disable-notifications" "--incognito" "--disable-extensions" "-\xe2\x80\x93disable-web-security" "--no-sandbox" "--headless" "-foreground" "-no-remote" "-profile" "/var/folders/j8/1b1gqwm12xjdsz7zx20kh3080000gn/T/rust_mozprofilemV8p4W"
*** You are running in headless mode.
2022-08-15 16:23:15.917 plugin-container[20358:752938] nil host used in call to allowsSpecificHTTPSCertificateForHost
2022-08-15 16:23:15.917 plugin-container[20358:752938] nil host used in call to allowsAnyHTTPSCertificateForHost:
2022-08-15 16:23:15.919 plugin-container[20358:752938] nil host used in call to allowsSpecificHTTPSCertificateForHost
2022-08-15 16:23:15.919 plugin-container[20358:752938] nil host used in call to allowsAnyHTTPSCertificateForHost:
2022-08-15 16:23:15.919 plugin-container[20358:752940] nil host used in call to allowsSpecificHTTPSCertificateForHost
2022-08-15 16:23:15.919 plugin-container[20358:752940] nil host used in call to allowsAnyHTTPSCertificateForHost:
1660605795938	Marionette	INFO	Marionette enabled
1660605795983	Marionette	INFO	Listening on port 53506
1660605796261	RemoteAgent	WARN	TLS certificate errors will be ignored for this session
[GFX1-]: RenderCompositorSWGL failed mapping default framebuffer, no dt
console.warn: SearchSettings: "get: No settings file exists, new profile?" (new NotFoundError("Could not open the file at /var/folders/j8/1b1gqwm12xjdsz7zx20kh3080000gn/T/rust_mozprofilemV8p4W/search.json.mozlz4", (void 0)))
1660605797412	Marionette	INFO	Stopped listening on port 53506
1660605797813	geckodriver	INFO	Listening on 127.0.0.1:53539
1660605798832	mozrunner::runner	INFO	Running command: "/Applications/Firefox.app/Contents/MacOS/firefox-bin" "--marionette" "Mozilla/5.0 (Macintosh; Intel Mac OS X 10_15_7) AppleWebKit/605.1.15 (KHTML, like Gecko) Version/15.5 Safari/605.1.15" "--disable-notifications" "--incognito" "--disable-extensions" "-\xe2\x80\x93disable-web-security" "--no-sandbox" "--headless" "-foreground" "-no-remote" "-profile" "/var/folders/j8/1b1gqwm12xjdsz7zx20kh3080000gn/T/rust_mozprofileeEREwz"
*** You are running in headless mode.
2022-08-15 16:23:19.151 plugin-container[20366:753244] nil host used in call to allowsSpecificHTTPSCertificateForHost
2022-08-15 16:23:19.151 plugin-container[20366:753244] nil host used in call to allowsAnyHTTPSCertificateForHost:
2022-08-15 16:23:19.154 plugin-container[20366:753244] nil host used in call to allowsSpecificHTTPSCertificateForHost
2022-08-15 16:23:19.154 plugin-container[20366:753244] nil host used in call to allowsAnyHTTPSCertificateForHost:
2022-08-15 16:23:19.154 plugin-container[20366:753250] nil host used in call to allowsSpecificHTTPSCertificateForHost
2022-08-15 16:23:19.154 plugin-container[20366:753250] nil host used in call to allowsAnyHTTPSCertificateForHost:
1660605799172	Marionette	INFO	Marionette enabled
1660605799187	Marionette	INFO	Listening on port 53550
1660605799345	geckodriver	INFO	Listening on 127.0.0.1:53556
1660605800366	geckodriver	INFO	Listening on 127.0.0.1:53559
1660605801371	mozrunner::runner	INFO	Running command: "/Applications/Firefox.app/Contents/MacOS/firefox-bin" "--marionette" "Mozilla/5.0 (Macintosh; Intel Mac OS X 10_15_7) AppleWebKit/605.1.15 (KHTML, like Gecko) Version/15.5 Safari/605.1.15" "--disable-notifications" "--incognito" "--disable-extensions" "-\xe2\x80\x93disable-web-security" "--no-sandbox" "--headless" "-foreground" "-no-remote" "-profile" "/var/folders/j8/1b1gqwm12xjdsz7zx20kh3080000gn/T/rust_mozprofileeQPxid"
*** You are running in headless mode.
2022-08-15 16:23:21.685 plugin-container[20374:753360] nil host used in call to allowsSpecificHTTPSCertificateForHost
2022-08-15 16:23:21.685 plugin-container[20374:753360] nil host used in call to allowsAnyHTTPSCertificateForHost:
2022-08-15 16:23:21.689 plugin-container[20374:753360] nil host used in call to allowsSpecificHTTPSCertificateForHost
2022-08-15 16:23:21.689 plugin-container[20374:753360] nil host used in call to allowsAnyHTTPSCertificateForHost:
2022-08-15 16:23:21.689 plugin-container[20374:753367] nil host used in call to allowsSpecificHTTPSCertificateForHost
2022-08-15 16:23:21.689 plugin-container[20374:753367] nil host used in call to allowsAnyHTTPSCertificateForHost:
1660605801709	Marionette	INFO	Marionette enabled
1660605801728	Marionette	INFO	Listening on port 53570
1660605802051	RemoteAgent	WARN	TLS certificate errors will be ignored for this session
[GFX1-]: RenderCompositorSWGL failed mapping default framebuffer, no dt
console.warn: SearchSettings: "get: No settings file exists, new profile?" (new NotFoundError("Could not open the file at /var/folders/j8/1b1gqwm12xjdsz7zx20kh3080000gn/T/rust_mozprofileeQPxid/search.json.mozlz4", (void 0)))
1660605803456	Marionette	INFO	Stopped listening on port 53570
1660606390253	geckodriver	INFO	Listening on 127.0.0.1:53850
1660606391282	mozrunner::runner	INFO	Running command: "/Applications/Firefox.app/Contents/MacOS/firefox-bin" "--marionette" "Mozilla/5.0 (Macintosh; Intel Mac OS X 10_15_7) AppleWebKit/605.1.15 (KHTML, like Gecko) Version/15.5 Safari/605.1.15" "--disable-notifications" "--incognito" "--disable-extensions" "-\xe2\x80\x93disable-web-security" "--no-sandbox" "--headless" "-foreground" "-no-remote" "-profile" "/var/folders/j8/1b1gqwm12xjdsz7zx20kh3080000gn/T/rust_mozprofileKAmIHZ"
*** You are running in headless mode.
2022-08-15 16:33:11.804 plugin-container[20540:758028] nil host used in call to allowsSpecificHTTPSCertificateForHost
2022-08-15 16:33:11.804 plugin-container[20540:758028] nil host used in call to allowsAnyHTTPSCertificateForHost:
1660606391828	Marionette	INFO	Marionette enabled
1660606391871	Marionette	INFO	Listening on port 53862
2022-08-15 16:33:11.879 plugin-container[20540:758028] nil host used in call to allowsSpecificHTTPSCertificateForHost
2022-08-15 16:33:11.879 plugin-container[20540:758028] nil host used in call to allowsAnyHTTPSCertificateForHost:
2022-08-15 16:33:11.879 plugin-container[20540:758030] nil host used in call to allowsSpecificHTTPSCertificateForHost
2022-08-15 16:33:11.879 plugin-container[20540:758030] nil host used in call to allowsAnyHTTPSCertificateForHost:
1660606392036	RemoteAgent	WARN	TLS certificate errors will be ignored for this session
[GFX1-]: RenderCompositorSWGL failed mapping default framebuffer, no dt
console.warn: SearchSettings: "get: No settings file exists, new profile?" (new NotFoundError("Could not open the file at /var/folders/j8/1b1gqwm12xjdsz7zx20kh3080000gn/T/rust_mozprofileKAmIHZ/search.json.mozlz4", (void 0)))
1660606393897	geckodriver	INFO	Listening on 127.0.0.1:53897
1660606394915	mozrunner::runner	INFO	Running command: "/Applications/Firefox.app/Contents/MacOS/firefox-bin" "--marionette" "Mozilla/5.0 (Macintosh; Intel Mac OS X 10_15_7) AppleWebKit/605.1.15 (KHTML, like Gecko) Version/15.5 Safari/605.1.15" "--disable-notifications" "--incognito" "--disable-extensions" "-\xe2\x80\x93disable-web-security" "--no-sandbox" "--headless" "-foreground" "-no-remote" "-profile" "/var/folders/j8/1b1gqwm12xjdsz7zx20kh3080000gn/T/rust_mozprofilemsrrTc"
*** You are running in headless mode.
2022-08-15 16:33:15.239 plugin-container[20551:758360] nil host used in call to allowsSpecificHTTPSCertificateForHost
2022-08-15 16:33:15.239 plugin-container[20551:758360] nil host used in call to allowsAnyHTTPSCertificateForHost:
2022-08-15 16:33:15.242 plugin-container[20551:758360] nil host used in call to allowsSpecificHTTPSCertificateForHost
2022-08-15 16:33:15.242 plugin-container[20551:758360] nil host used in call to allowsAnyHTTPSCertificateForHost:
2022-08-15 16:33:15.242 plugin-container[20551:758364] nil host used in call to allowsSpecificHTTPSCertificateForHost
2022-08-15 16:33:15.242 plugin-container[20551:758364] nil host used in call to allowsAnyHTTPSCertificateForHost:
1660606395261	Marionette	INFO	Marionette enabled
1660606395282	Marionette	INFO	Listening on port 53915
1660606395637	RemoteAgent	WARN	TLS certificate errors will be ignored for this session
[GFX1-]: RenderCompositorSWGL failed mapping default framebuffer, no dt
console.warn: SearchSettings: "get: No settings file exists, new profile?" (new NotFoundError("Could not open the file at /var/folders/j8/1b1gqwm12xjdsz7zx20kh3080000gn/T/rust_mozprofilemsrrTc/search.json.mozlz4", (void 0)))
1660606396981	geckodriver	INFO	Listening on 127.0.0.1:53948
1660606398003	mozrunner::runner	INFO	Running command: "/Applications/Firefox.app/Contents/MacOS/firefox-bin" "--marionette" "Mozilla/5.0 (Macintosh; Intel Mac OS X 10_15_7) AppleWebKit/605.1.15 (KHTML, like Gecko) Version/15.5 Safari/605.1.15" "--disable-notifications" "--incognito" "--disable-extensions" "-\xe2\x80\x93disable-web-security" "--no-sandbox" "--headless" "-foreground" "-no-remote" "-profile" "/var/folders/j8/1b1gqwm12xjdsz7zx20kh3080000gn/T/rust_mozprofile18LGJ7"
*** You are running in headless mode.
2022-08-15 16:33:18.362 plugin-container[20560:758666] nil host used in call to allowsSpecificHTTPSCertificateForHost
2022-08-15 16:33:18.362 plugin-container[20560:758666] nil host used in call to allowsAnyHTTPSCertificateForHost:
2022-08-15 16:33:18.365 plugin-container[20560:758666] nil host used in call to allowsSpecificHTTPSCertificateForHost
2022-08-15 16:33:18.365 plugin-container[20560:758666] nil host used in call to allowsAnyHTTPSCertificateForHost:
2022-08-15 16:33:18.365 plugin-container[20560:758667] nil host used in call to allowsSpecificHTTPSCertificateForHost
2022-08-15 16:33:18.365 plugin-container[20560:758667] nil host used in call to allowsAnyHTTPSCertificateForHost:
1660606398382	Marionette	INFO	Marionette enabled
1660606398427	Marionette	INFO	Listening on port 53967
1660606398667	RemoteAgent	WARN	TLS certificate errors will be ignored for this session
[GFX1-]: RenderCompositorSWGL failed mapping default framebuffer, no dt
console.warn: SearchSettings: "get: No settings file exists, new profile?" (new NotFoundError("Could not open the file at /var/folders/j8/1b1gqwm12xjdsz7zx20kh3080000gn/T/rust_mozprofile18LGJ7/search.json.mozlz4", (void 0)))
1660606399965	geckodriver	INFO	Listening on 127.0.0.1:54000
1660606400991	mozrunner::runner	INFO	Running command: "/Applications/Firefox.app/Contents/MacOS/firefox-bin" "--marionette" "Mozilla/5.0 (Macintosh; Intel Mac OS X 10_15_7) AppleWebKit/605.1.15 (KHTML, like Gecko) Version/15.5 Safari/605.1.15" "--disable-notifications" "--incognito" "--disable-extensions" "-\xe2\x80\x93disable-web-security" "--no-sandbox" "--headless" "-foreground" "-no-remote" "-profile" "/var/folders/j8/1b1gqwm12xjdsz7zx20kh3080000gn/T/rust_mozprofile3EKeq2"
*** You are running in headless mode.
2022-08-15 16:33:21.378 plugin-container[20573:759009] nil host used in call to allowsSpecificHTTPSCertificateForHost
2022-08-15 16:33:21.378 plugin-container[20573:759009] nil host used in call to allowsAnyHTTPSCertificateForHost:
2022-08-15 16:33:21.381 plugin-container[20573:759009] nil host used in call to allowsSpecificHTTPSCertificateForHost
2022-08-15 16:33:21.381 plugin-container[20573:759009] nil host used in call to allowsAnyHTTPSCertificateForHost:
2022-08-15 16:33:21.381 plugin-container[20573:759007] nil host used in call to allowsSpecificHTTPSCertificateForHost
2022-08-15 16:33:21.381 plugin-container[20573:759007] nil host used in call to allowsAnyHTTPSCertificateForHost:
1660606401399	Marionette	INFO	Marionette enabled
1660606401415	Marionette	INFO	Listening on port 54019
1660606401612	RemoteAgent	WARN	TLS certificate errors will be ignored for this session
[GFX1-]: RenderCompositorSWGL failed mapping default framebuffer, no dt
console.warn: SearchSettings: "get: No settings file exists, new profile?" (new NotFoundError("Could not open the file at /var/folders/j8/1b1gqwm12xjdsz7zx20kh3080000gn/T/rust_mozprofile3EKeq2/search.json.mozlz4", (void 0)))
Exiting due to channel error.
Exiting due to channel error.
Exiting due to channel error.
Exiting due to channel error.
Exiting due to channel error.
Exiting due to channel error.
Exiting due to channel error.
Exiting due to channel error.
Exiting due to channel error.
[GFX1-]: Receive IPC close with reason=AbnormalShutdown
Exiting due to channel error.
Exiting due to channel error.
Exiting due to channel error.
Exiting due to channel error.
Exiting due to channel error.
Exiting due to channel error.
Exiting due to channel error.
[GFX1-]: Receive IPC close with reason=AbnormalShutdown
Exiting due to channel error.
1660606402533	geckodriver	INFO	Listening on 127.0.0.1:54042
1660606403569	geckodriver	INFO	Listening on 127.0.0.1:54045
1660606404583	mozrunner::runner	INFO	Running command: "/Applications/Firefox.app/Contents/MacOS/firefox-bin" "--marionette" "Mozilla/5.0 (Macintosh; Intel Mac OS X 10_15_7) AppleWebKit/605.1.15 (KHTML, like Gecko) Version/15.5 Safari/605.1.15" "--disable-notifications" "--incognito" "--disable-extensions" "-\xe2\x80\x93disable-web-security" "--no-sandbox" "--headless" "-foreground" "-no-remote" "-profile" "/var/folders/j8/1b1gqwm12xjdsz7zx20kh3080000gn/T/rust_mozprofileT33OeR"
*** You are running in headless mode.
2022-08-15 16:33:24.897 plugin-container[20582:759287] nil host used in call to allowsSpecificHTTPSCertificateForHost
2022-08-15 16:33:24.897 plugin-container[20582:759287] nil host used in call to allowsAnyHTTPSCertificateForHost:
2022-08-15 16:33:24.899 plugin-container[20582:759287] nil host used in call to allowsSpecificHTTPSCertificateForHost
2022-08-15 16:33:24.899 plugin-container[20582:759287] nil host used in call to allowsAnyHTTPSCertificateForHost:
2022-08-15 16:33:24.899 plugin-container[20582:759294] nil host used in call to allowsSpecificHTTPSCertificateForHost
2022-08-15 16:33:24.899 plugin-container[20582:759294] nil host used in call to allowsAnyHTTPSCertificateForHost:
1660606404919	Marionette	INFO	Marionette enabled
1660606404940	Marionette	INFO	Listening on port 54056
1660606405286	RemoteAgent	WARN	TLS certificate errors will be ignored for this session
[GFX1-]: RenderCompositorSWGL failed mapping default framebuffer, no dt
console.warn: SearchSettings: "get: No settings file exists, new profile?" (new NotFoundError("Could not open the file at /var/folders/j8/1b1gqwm12xjdsz7zx20kh3080000gn/T/rust_mozprofileT33OeR/search.json.mozlz4", (void 0)))
1660606406721	geckodriver	INFO	Listening on 127.0.0.1:54090
1660606407740	mozrunner::runner	INFO	Running command: "/Applications/Firefox.app/Contents/MacOS/firefox-bin" "--marionette" "Mozilla/5.0 (Macintosh; Intel Mac OS X 10_15_7) AppleWebKit/605.1.15 (KHTML, like Gecko) Version/15.5 Safari/605.1.15" "--disable-notifications" "--incognito" "--disable-extensions" "-\xe2\x80\x93disable-web-security" "--no-sandbox" "--headless" "-foreground" "-no-remote" "-profile" "/var/folders/j8/1b1gqwm12xjdsz7zx20kh3080000gn/T/rust_mozprofilezwH07n"
*** You are running in headless mode.
2022-08-15 16:33:28.060 plugin-container[20591:759613] nil host used in call to allowsSpecificHTTPSCertificateForHost
2022-08-15 16:33:28.060 plugin-container[20591:759613] nil host used in call to allowsAnyHTTPSCertificateForHost:
2022-08-15 16:33:28.062 plugin-container[20591:759613] nil host used in call to allowsSpecificHTTPSCertificateForHost
2022-08-15 16:33:28.062 plugin-container[20591:759613] nil host used in call to allowsAnyHTTPSCertificateForHost:
2022-08-15 16:33:28.062 plugin-container[20591:759621] nil host used in call to allowsSpecificHTTPSCertificateForHost
2022-08-15 16:33:28.062 plugin-container[20591:759621] nil host used in call to allowsAnyHTTPSCertificateForHost:
1660606408081	Marionette	INFO	Marionette enabled
1660606408102	Marionette	INFO	Listening on port 54108
1660606408463	RemoteAgent	WARN	TLS certificate errors will be ignored for this session
[GFX1-]: RenderCompositorSWGL failed mapping default framebuffer, no dt
console.warn: SearchSettings: "get: No settings file exists, new profile?" (new NotFoundError("Could not open the file at /var/folders/j8/1b1gqwm12xjdsz7zx20kh3080000gn/T/rust_mozprofilezwH07n/search.json.mozlz4", (void 0)))
1660606409763	geckodriver	INFO	Listening on 127.0.0.1:54141
1660606410783	mozrunner::runner	INFO	Running command: "/Applications/Firefox.app/Contents/MacOS/firefox-bin" "--marionette" "Mozilla/5.0 (Macintosh; Intel Mac OS X 10_15_7) AppleWebKit/605.1.15 (KHTML, like Gecko) Version/15.5 Safari/605.1.15" "--disable-notifications" "--incognito" "--disable-extensions" "-\xe2\x80\x93disable-web-security" "--no-sandbox" "--headless" "-foreground" "-no-remote" "-profile" "/var/folders/j8/1b1gqwm12xjdsz7zx20kh3080000gn/T/rust_mozprofiler1gsVD"
*** You are running in headless mode.
2022-08-15 16:33:31.100 plugin-container[20603:759953] nil host used in call to allowsSpecificHTTPSCertificateForHost
2022-08-15 16:33:31.100 plugin-container[20603:759953] nil host used in call to allowsAnyHTTPSCertificateForHost:
2022-08-15 16:33:31.103 plugin-container[20603:759953] nil host used in call to allowsSpecificHTTPSCertificateForHost
2022-08-15 16:33:31.103 plugin-container[20603:759953] nil host used in call to allowsAnyHTTPSCertificateForHost:
2022-08-15 16:33:31.103 plugin-container[20603:759959] nil host used in call to allowsSpecificHTTPSCertificateForHost
2022-08-15 16:33:31.103 plugin-container[20603:759959] nil host used in call to allowsAnyHTTPSCertificateForHost:
1660606411123	Marionette	INFO	Marionette enabled
1660606411144	Marionette	INFO	Listening on port 54160
1660606411502	RemoteAgent	WARN	TLS certificate errors will be ignored for this session
[GFX1-]: RenderCompositorSWGL failed mapping default framebuffer, no dt
console.warn: SearchSettings: "get: No settings file exists, new profile?" (new NotFoundError("Could not open the file at /var/folders/j8/1b1gqwm12xjdsz7zx20kh3080000gn/T/rust_mozprofiler1gsVD/search.json.mozlz4", (void 0)))
1660606412772	geckodriver	INFO	Listening on 127.0.0.1:54193
1660606413790	mozrunner::runner	INFO	Running command: "/Applications/Firefox.app/Contents/MacOS/firefox-bin" "--marionette" "Mozilla/5.0 (Macintosh; Intel Mac OS X 10_15_7) AppleWebKit/605.1.15 (KHTML, like Gecko) Version/15.5 Safari/605.1.15" "--disable-notifications" "--incognito" "--disable-extensions" "-\xe2\x80\x93disable-web-security" "--no-sandbox" "--headless" "-foreground" "-no-remote" "-profile" "/var/folders/j8/1b1gqwm12xjdsz7zx20kh3080000gn/T/rust_mozprofilesWQNsU"
*** You are running in headless mode.
2022-08-15 16:33:34.163 plugin-container[20616:760289] nil host used in call to allowsSpecificHTTPSCertificateForHost
2022-08-15 16:33:34.165 plugin-container[20616:760289] nil host used in call to allowsAnyHTTPSCertificateForHost:
2022-08-15 16:33:34.168 plugin-container[20616:760289] nil host used in call to allowsSpecificHTTPSCertificateForHost
2022-08-15 16:33:34.168 plugin-container[20616:760289] nil host used in call to allowsAnyHTTPSCertificateForHost:
2022-08-15 16:33:34.168 plugin-container[20616:760295] nil host used in call to allowsSpecificHTTPSCertificateForHost
2022-08-15 16:33:34.168 plugin-container[20616:760295] nil host used in call to allowsAnyHTTPSCertificateForHost:
1660606414189	Marionette	INFO	Marionette enabled
1660606414236	Marionette	INFO	Listening on port 54212
1660606414472	RemoteAgent	WARN	TLS certificate errors will be ignored for this session
[GFX1-]: RenderCompositorSWGL failed mapping default framebuffer, no dt
console.warn: SearchSettings: "get: No settings file exists, new profile?" (new NotFoundError("Could not open the file at /var/folders/j8/1b1gqwm12xjdsz7zx20kh3080000gn/T/rust_mozprofilesWQNsU/search.json.mozlz4", (void 0)))
1660606415883	geckodriver	INFO	Listening on 127.0.0.1:54261
1660606416898	mozrunner::runner	INFO	Running command: "/Applications/Firefox.app/Contents/MacOS/firefox-bin" "--marionette" "Mozilla/5.0 (Macintosh; Intel Mac OS X 10_15_7) AppleWebKit/605.1.15 (KHTML, like Gecko) Version/15.5 Safari/605.1.15" "--disable-notifications" "--incognito" "--disable-extensions" "-\xe2\x80\x93disable-web-security" "--no-sandbox" "--headless" "-foreground" "-no-remote" "-profile" "/var/folders/j8/1b1gqwm12xjdsz7zx20kh3080000gn/T/rust_mozprofilerZkS2C"
*** You are running in headless mode.
2022-08-15 16:33:37.264 plugin-container[20632:760656] nil host used in call to allowsSpecificHTTPSCertificateForHost
2022-08-15 16:33:37.264 plugin-container[20632:760656] nil host used in call to allowsAnyHTTPSCertificateForHost:
2022-08-15 16:33:37.266 plugin-container[20632:760656] nil host used in call to allowsSpecificHTTPSCertificateForHost
2022-08-15 16:33:37.266 plugin-container[20632:760656] nil host used in call to allowsAnyHTTPSCertificateForHost:
2022-08-15 16:33:37.267 plugin-container[20632:760658] nil host used in call to allowsSpecificHTTPSCertificateForHost
2022-08-15 16:33:37.267 plugin-container[20632:760658] nil host used in call to allowsAnyHTTPSCertificateForHost:
1660606417283	Marionette	INFO	Marionette enabled
1660606417316	Marionette	INFO	Listening on port 54279
1660606417595	RemoteAgent	WARN	TLS certificate errors will be ignored for this session
[GFX1-]: RenderCompositorSWGL failed mapping default framebuffer, no dt
console.warn: SearchSettings: "get: No settings file exists, new profile?" (new NotFoundError("Could not open the file at /var/folders/j8/1b1gqwm12xjdsz7zx20kh3080000gn/T/rust_mozprofilerZkS2C/search.json.mozlz4", (void 0)))
1660663542607	geckodriver	INFO	Listening on 127.0.0.1:55306
1660663543614	mozrunner::runner	INFO	Running command: "/Applications/Firefox.app/Contents/MacOS/firefox-bin" "--marionette" "Mozilla/5.0 (Macintosh; Intel Mac OS X 10_15_7) AppleWebKit/605.1.15 (KHTML, like Gecko) Version/15.5 Safari/605.1.15" "--disable-notifications" "--incognito" "--disable-extensions" "-\xe2\x80\x93disable-web-security" "--no-sandbox" "--headless" "-foreground" "-no-remote" "-profile" "/var/folders/j8/1b1gqwm12xjdsz7zx20kh3080000gn/T/rust_mozprofileYKAdFP"
*** You are running in headless mode.
1660663545233	Marionette	INFO	Marionette enabled
1660663545324	Marionette	INFO	Listening on port 55317
1660663545489	RemoteAgent	WARN	TLS certificate errors will be ignored for this session
2022-08-16 08:25:45.532 plugin-container[39206:1140944] nil host used in call to allowsSpecificHTTPSCertificateForHost
2022-08-16 08:25:45.532 plugin-container[39206:1140944] nil host used in call to allowsAnyHTTPSCertificateForHost:
2022-08-16 08:25:45.813 plugin-container[39206:1140944] nil host used in call to allowsSpecificHTTPSCertificateForHost
2022-08-16 08:25:45.813 plugin-container[39206:1140944] nil host used in call to allowsAnyHTTPSCertificateForHost:
2022-08-16 08:25:45.813 plugin-container[39206:1140966] nil host used in call to allowsSpecificHTTPSCertificateForHost
2022-08-16 08:25:45.813 plugin-container[39206:1140966] nil host used in call to allowsAnyHTTPSCertificateForHost:
[GFX1-]: RenderCompositorSWGL failed mapping default framebuffer, no dt
console.warn: SearchSettings: "get: No settings file exists, new profile?" (new NotFoundError("Could not open the file at /var/folders/j8/1b1gqwm12xjdsz7zx20kh3080000gn/T/rust_mozprofileYKAdFP/search.json.mozlz4", (void 0)))
2022-08-16 15:25:51.536 plugin-container[39223:1141438] nil host used in call to allowsSpecificHTTPSCertificateForHost
2022-08-16 15:25:51.537 plugin-container[39223:1141438] nil host used in call to allowsAnyHTTPSCertificateForHost:
2022-08-16 15:25:51.539 plugin-container[39223:1141438] nil host used in call to allowsSpecificHTTPSCertificateForHost
2022-08-16 15:25:51.539 plugin-container[39223:1141438] nil host used in call to allowsAnyHTTPSCertificateForHost:
2022-08-16 15:25:51.540 plugin-container[39223:1141442] nil host used in call to allowsSpecificHTTPSCertificateForHost
2022-08-16 15:25:51.540 plugin-container[39223:1141442] nil host used in call to allowsAnyHTTPSCertificateForHost:
JavaScript warning: https://pagead2.googlesyndication.com/bg/lIG_-rjQweUtsPTJkqViasoL1XPo6OtXzg5InKx-NMQ.js line 2 > eval line 6789 > eval line 1 > eval line 1 > eval, line 1: WEBGL_debug_renderer_info is deprecated in Firefox and will be removed. Please use RENDERER.
JavaScript warning: https://pagead2.googlesyndication.com/bg/lIG_-rjQweUtsPTJkqViasoL1XPo6OtXzg5InKx-NMQ.js line 2 > eval line 5449 > eval line 1 > eval line 1 > eval, line 1: WEBGL_debug_renderer_info is deprecated in Firefox and will be removed. Please use RENDERER.
Exiting due to channel error.
Exiting due to channel error.
Exiting due to channel error.
Exiting due to channel error.
Exiting due to channel error.
Exiting due to channel error.
Exiting due to channel error.
Exiting due to channel error.
Exiting due to channel error.
1660663804869	geckodriver	INFO	Listening on 127.0.0.1:55520
1660663805891	mozrunner::runner	INFO	Running command: "/Applications/Firefox.app/Contents/MacOS/firefox-bin" "--marionette" "Mozilla/5.0 (Macintosh; Intel Mac OS X 10_15_7) AppleWebKit/605.1.15 (KHTML, like Gecko) Version/15.5 Safari/605.1.15" "--disable-notifications" "--incognito" "--disable-extensions" "-\xe2\x80\x93disable-web-security" "--no-sandbox" "--headless" "-foreground" "-no-remote" "-profile" "/var/folders/j8/1b1gqwm12xjdsz7zx20kh3080000gn/T/rust_mozprofiledVg5pt"
*** You are running in headless mode.
2022-08-16 08:30:06.399 plugin-container[39325:1144041] nil host used in call to allowsSpecificHTTPSCertificateForHost
2022-08-16 08:30:06.399 plugin-container[39325:1144041] nil host used in call to allowsAnyHTTPSCertificateForHost:
2022-08-16 08:30:06.402 plugin-container[39325:1144041] nil host used in call to allowsSpecificHTTPSCertificateForHost
2022-08-16 08:30:06.402 plugin-container[39325:1144041] nil host used in call to allowsAnyHTTPSCertificateForHost:
2022-08-16 08:30:06.402 plugin-container[39325:1144045] nil host used in call to allowsSpecificHTTPSCertificateForHost
2022-08-16 08:30:06.402 plugin-container[39325:1144045] nil host used in call to allowsAnyHTTPSCertificateForHost:
1660663806433	Marionette	INFO	Marionette enabled
1660663806483	Marionette	INFO	Listening on port 55531
1660663806633	RemoteAgent	WARN	TLS certificate errors will be ignored for this session
[GFX1-]: RenderCompositorSWGL failed mapping default framebuffer, no dt
console.warn: SearchSettings: "get: No settings file exists, new profile?" (new NotFoundError("Could not open the file at /var/folders/j8/1b1gqwm12xjdsz7zx20kh3080000gn/T/rust_mozprofiledVg5pt/search.json.mozlz4", (void 0)))
2022-08-16 15:30:10.300 plugin-container[39342:1144528] nil host used in call to allowsSpecificHTTPSCertificateForHost
2022-08-16 15:30:10.300 plugin-container[39342:1144528] nil host used in call to allowsAnyHTTPSCertificateForHost:
2022-08-16 15:30:10.303 plugin-container[39342:1144528] nil host used in call to allowsSpecificHTTPSCertificateForHost
2022-08-16 15:30:10.303 plugin-container[39342:1144528] nil host used in call to allowsAnyHTTPSCertificateForHost:
2022-08-16 15:30:10.303 plugin-container[39342:1144530] nil host used in call to allowsSpecificHTTPSCertificateForHost
2022-08-16 15:30:10.303 plugin-container[39342:1144530] nil host used in call to allowsAnyHTTPSCertificateForHost:
JavaScript warning: https://pagead2.googlesyndication.com/bg/lIG_-rjQweUtsPTJkqViasoL1XPo6OtXzg5InKx-NMQ.js line 2 > eval line 3817 > eval line 1 > eval line 1 > eval, line 1: WEBGL_debug_renderer_info is deprecated in Firefox and will be removed. Please use RENDERER.
JavaScript warning: https://pagead2.googlesyndication.com/bg/lIG_-rjQweUtsPTJkqViasoL1XPo6OtXzg5InKx-NMQ.js line 2 > eval line 5400 > eval line 1 > eval line 1 > eval, line 1: WEBGL_debug_renderer_info is deprecated in Firefox and will be removed. Please use RENDERER.
Exiting due to channel error.
Exiting due to channel error.
Exiting due to channel error.
Exiting due to channel error.
Exiting due to channel error.
[GFX1-]: Receive IPC close with reason=AbnormalShutdown
Exiting due to channel error.
[GFX1-]: Receive IPC close with reason=AbnormalShutdown
[GFX1-]: Receive IPC close with reason=AbnormalShutdown
Exiting due to channel error.
Exiting due to channel error.
[GFX1-]: Receive IPC close with reason=AbnormalShutdown
Exiting due to channel error.
1660664225392	geckodriver	INFO	Listening on 127.0.0.1:55775
1660664226407	mozrunner::runner	INFO	Running command: "/Applications/Firefox.app/Contents/MacOS/firefox-bin" "--marionette" "--disable-notifications" "--incognito" "--disable-extensions" "-\xe2\x80\x93disable-web-security" "--no-sandbox" "--headless" "-foreground" "-no-remote" "-profile" "/var/folders/j8/1b1gqwm12xjdsz7zx20kh3080000gn/T/rust_mozprofilezQScuq"
*** You are running in headless mode.
1660664227418	Marionette	INFO	Marionette enabled
1660664227458	Marionette	INFO	Listening on port 55786
2022-08-16 08:37:07.542 plugin-container[39581:1148708] nil host used in call to allowsSpecificHTTPSCertificateForHost
2022-08-16 08:37:07.542 plugin-container[39581:1148708] nil host used in call to allowsAnyHTTPSCertificateForHost:
2022-08-16 08:37:07.561 plugin-container[39581:1148708] nil host used in call to allowsSpecificHTTPSCertificateForHost
2022-08-16 08:37:07.561 plugin-container[39581:1148708] nil host used in call to allowsAnyHTTPSCertificateForHost:
2022-08-16 08:37:07.561 plugin-container[39581:1148710] nil host used in call to allowsSpecificHTTPSCertificateForHost
2022-08-16 08:37:07.561 plugin-container[39581:1148710] nil host used in call to allowsAnyHTTPSCertificateForHost:
1660664227783	RemoteAgent	WARN	TLS certificate errors will be ignored for this session
[GFX1-]: RenderCompositorSWGL failed mapping default framebuffer, no dt
console.warn: SearchSettings: "get: No settings file exists, new profile?" (new NotFoundError("Could not open the file at /var/folders/j8/1b1gqwm12xjdsz7zx20kh3080000gn/T/rust_mozprofilezQScuq/search.json.mozlz4", (void 0)))
2022-08-16 15:37:10.623 plugin-container[39599:1149209] nil host used in call to allowsSpecificHTTPSCertificateForHost
2022-08-16 15:37:10.639 plugin-container[39599:1149209] nil host used in call to allowsAnyHTTPSCertificateForHost:
2022-08-16 15:37:10.646 plugin-container[39599:1149209] nil host used in call to allowsSpecificHTTPSCertificateForHost
2022-08-16 15:37:10.646 plugin-container[39599:1149209] nil host used in call to allowsAnyHTTPSCertificateForHost:
2022-08-16 15:37:10.647 plugin-container[39599:1149216] nil host used in call to allowsSpecificHTTPSCertificateForHost
2022-08-16 15:37:10.647 plugin-container[39599:1149216] nil host used in call to allowsAnyHTTPSCertificateForHost:
JavaScript warning: https://pagead2.googlesyndication.com/bg/lIG_-rjQweUtsPTJkqViasoL1XPo6OtXzg5InKx-NMQ.js line 2 > eval line 1961 > eval line 1 > eval line 1 > eval, line 1: WEBGL_debug_renderer_info is deprecated in Firefox and will be removed. Please use RENDERER.
JavaScript warning: https://pagead2.googlesyndication.com/bg/lIG_-rjQweUtsPTJkqViasoL1XPo6OtXzg5InKx-NMQ.js line 2 > eval line 756 > eval line 1 > eval line 1 > eval, line 1: WEBGL_debug_renderer_info is deprecated in Firefox and will be removed. Please use RENDERER.
Exiting due to channel error.
Exiting due to channel error.
Exiting due to channel error.
Exiting due to channel error.
Exiting due to channel error.
Exiting due to channel error.
Exiting due to channel error.
Exiting due to channel error.
Exiting due to channel error.
1660664366387	geckodriver	INFO	Listening on 127.0.0.1:55949
1660664367396	mozrunner::runner	INFO	Running command: "/Applications/Firefox.app/Contents/MacOS/firefox-bin" "--marionette" "--disable-notifications" "--incognito" "--disable-extensions" "-\xe2\x80\x93disable-web-security" "--no-sandbox" "--headless" "-foreground" "-no-remote" "-profile" "/var/folders/j8/1b1gqwm12xjdsz7zx20kh3080000gn/T/rust_mozprofileHyrMc5"
*** You are running in headless mode.
2022-08-16 08:39:27.890 plugin-container[39702:1151074] nil host used in call to allowsSpecificHTTPSCertificateForHost
2022-08-16 08:39:27.891 plugin-container[39702:1151074] nil host used in call to allowsAnyHTTPSCertificateForHost:
2022-08-16 08:39:27.903 plugin-container[39702:1151074] nil host used in call to allowsSpecificHTTPSCertificateForHost
2022-08-16 08:39:27.903 plugin-container[39702:1151074] nil host used in call to allowsAnyHTTPSCertificateForHost:
2022-08-16 08:39:27.903 plugin-container[39702:1151080] nil host used in call to allowsSpecificHTTPSCertificateForHost
2022-08-16 08:39:27.903 plugin-container[39702:1151080] nil host used in call to allowsAnyHTTPSCertificateForHost:
1660664367930	Marionette	INFO	Marionette enabled
1660664367993	Marionette	INFO	Listening on port 55960
1660664368175	RemoteAgent	WARN	TLS certificate errors will be ignored for this session
[GFX1-]: RenderCompositorSWGL failed mapping default framebuffer, no dt
console.warn: SearchSettings: "get: No settings file exists, new profile?" (new NotFoundError("Could not open the file at /var/folders/j8/1b1gqwm12xjdsz7zx20kh3080000gn/T/rust_mozprofileHyrMc5/search.json.mozlz4", (void 0)))
2022-08-16 15:39:31.058 plugin-container[39718:1151522] nil host used in call to allowsSpecificHTTPSCertificateForHost
2022-08-16 15:39:31.058 plugin-container[39718:1151522] nil host used in call to allowsAnyHTTPSCertificateForHost:
2022-08-16 15:39:31.061 plugin-container[39718:1151522] nil host used in call to allowsSpecificHTTPSCertificateForHost
2022-08-16 15:39:31.061 plugin-container[39718:1151522] nil host used in call to allowsAnyHTTPSCertificateForHost:
2022-08-16 15:39:31.061 plugin-container[39718:1151526] nil host used in call to allowsSpecificHTTPSCertificateForHost
2022-08-16 15:39:31.061 plugin-container[39718:1151526] nil host used in call to allowsAnyHTTPSCertificateForHost:
JavaScript warning: https://pagead2.googlesyndication.com/bg/lIG_-rjQweUtsPTJkqViasoL1XPo6OtXzg5InKx-NMQ.js line 2 > eval line 2268 > eval line 1 > eval line 1 > eval, line 1: WEBGL_debug_renderer_info is deprecated in Firefox and will be removed. Please use RENDERER.
JavaScript warning: https://pagead2.googlesyndication.com/bg/lIG_-rjQweUtsPTJkqViasoL1XPo6OtXzg5InKx-NMQ.js line 2 > eval line 5608 > eval line 1 > eval line 1 > eval, line 1: WEBGL_debug_renderer_info is deprecated in Firefox and will be removed. Please use RENDERER.
JavaScript warning: https://pagead2.googlesyndication.com/bg/lIG_-rjQweUtsPTJkqViasoL1XPo6OtXzg5InKx-NMQ.js line 2 > eval line 6399 > eval line 1 > eval line 1 > eval, line 1: WEBGL_debug_renderer_info is deprecated in Firefox and will be removed. Please use RENDERER.
Exiting due to channel error.
Exiting due to channel error.
[GFX1-]: Receive IPC close with reason=AbnormalShutdown
Exiting due to channel error.
Exiting due to channel error.
Exiting due to channel error.
Exiting due to channel error.
Exiting due to channel error.
Exiting due to channel error.
